<?xml version="1.0" encoding="UTF-8"?>
<robot generator="Robot 3.2.1 (Python 3.8.1 on win32)" generated="20200724 20:52:11.634" rpa="false">
<suite id="s1" name="Tests" source="E:\Arrumado\Cursos\QA_Ninja-RobotWeek_2ed\ninjachef\tests">
<suite id="s1-s1" name="Cadastro-Usuario" source="E:\Arrumado\Cursos\QA_Ninja-RobotWeek_2ed\ninjachef\tests\cadastro-usuario.robot">
<test id="s1-s1-t1" name="Cadastro simples">
<kw name="Open Session" library="base" type="setup">
<kw name="Open Browser" library="SeleniumLibrary">
<doc>Opens a new browser instance to the optional ``url``.</doc>
<arguments>
<arg>about:blank</arg>
<arg>chrome</arg>
</arguments>
<msg timestamp="20200724 20:52:11.959" level="INFO">Opening browser 'chrome' to base url 'about:blank'.</msg>
<status status="PASS" starttime="20200724 20:52:11.959" endtime="20200724 20:52:15.807"></status>
</kw>
<status status="PASS" starttime="20200724 20:52:11.957" endtime="20200724 20:52:15.807"></status>
</kw>
<kw name="Dado que acesso a página principal" library="kws">
<kw name="Go To" library="SeleniumLibrary">
<doc>Navigates the current browser window to the provided ``url``.</doc>
<arguments>
<arg>${base_url}</arg>
</arguments>
<msg timestamp="20200724 20:52:15.809" level="INFO">Opening url 'http://ninjachef-qaninja-io.umbler.net/'</msg>
<status status="PASS" starttime="20200724 20:52:15.809" endtime="20200724 20:52:18.698"></status>
</kw>
<status status="PASS" starttime="20200724 20:52:15.808" endtime="20200724 20:52:18.698"></status>
</kw>
<kw name="Quando submeto o meu email &quot;joao@gmail.com&quot;" library="kws">
<kw name="Input Text" library="SeleniumLibrary">
<doc>Types the given ``text`` into the text field identified by ``locator``.</doc>
<arguments>
<arg>${CAMPO_EMAIL}</arg>
<arg>${email}</arg>
</arguments>
<msg timestamp="20200724 20:52:18.701" level="INFO">Typing text 'joao@gmail.com' into text field 'id:email'.</msg>
<status status="PASS" starttime="20200724 20:52:18.701" endtime="20200724 20:52:18.940"></status>
</kw>
<kw name="Click Element" library="SeleniumLibrary">
<doc>Click the element identified by ``locator``.</doc>
<arguments>
<arg>${BOTAO_ENTRAR}</arg>
</arguments>
<msg timestamp="20200724 20:52:18.940" level="INFO">Clicking element 'css:button[type=submit]'.</msg>
<status status="PASS" starttime="20200724 20:52:18.940" endtime="20200724 20:52:19.056"></status>
</kw>
<status status="PASS" starttime="20200724 20:52:18.700" endtime="20200724 20:52:19.056"></status>
</kw>
<kw name="Então devo ser autenticado" library="kws">
<kw name="Wait Until Page Contains Element" library="SeleniumLibrary">
<doc>Waits until the element ``locator`` appears on the current page.</doc>
<arguments>
<arg>${DIV_DASH}</arg>
</arguments>
<status status="PASS" starttime="20200724 20:52:19.057" endtime="20200724 20:52:20.260"></status>
</kw>
<status status="PASS" starttime="20200724 20:52:19.056" endtime="20200724 20:52:20.261"></status>
</kw>
<kw name="Close Session" library="base" type="teardown">
<kw name="Capture Page Screenshot" library="SeleniumLibrary">
<doc>Takes a screenshot of the current page and embeds it into a log file.</doc>
<msg timestamp="20200724 20:52:20.834" level="INFO" html="yes">&lt;/td&gt;&lt;/tr&gt;&lt;tr&gt;&lt;td colspan="3"&gt;&lt;a href="selenium-screenshot-3.png"&gt;&lt;img src="selenium-screenshot-3.png" width="800px"&gt;&lt;/a&gt;</msg>
<status status="PASS" starttime="20200724 20:52:20.263" endtime="20200724 20:52:20.834"></status>
</kw>
<kw name="Close Browser" library="SeleniumLibrary">
<doc>Closes the current browser.</doc>
<status status="PASS" starttime="20200724 20:52:20.834" endtime="20200724 20:52:23.172"></status>
</kw>
<status status="PASS" starttime="20200724 20:52:20.262" endtime="20200724 20:52:23.172"></status>
</kw>
<status status="PASS" starttime="20200724 20:52:11.956" endtime="20200724 20:52:23.173" critical="yes"></status>
</test>
<test id="s1-s1-t2" name="Email incorreto">
<kw name="Open Session" library="base" type="setup">
<kw name="Open Browser" library="SeleniumLibrary">
<doc>Opens a new browser instance to the optional ``url``.</doc>
<arguments>
<arg>about:blank</arg>
<arg>chrome</arg>
</arguments>
<msg timestamp="20200724 20:52:23.177" level="INFO">Opening browser 'chrome' to base url 'about:blank'.</msg>
<status status="PASS" starttime="20200724 20:52:23.177" endtime="20200724 20:52:26.882"></status>
</kw>
<status status="PASS" starttime="20200724 20:52:23.176" endtime="20200724 20:52:26.882"></status>
</kw>
<kw name="Dado que acesso a página principal" library="kws">
<kw name="Go To" library="SeleniumLibrary">
<doc>Navigates the current browser window to the provided ``url``.</doc>
<arguments>
<arg>${base_url}</arg>
</arguments>
<msg timestamp="20200724 20:52:26.885" level="INFO">Opening url 'http://ninjachef-qaninja-io.umbler.net/'</msg>
<status status="PASS" starttime="20200724 20:52:26.885" endtime="20200724 20:52:30.301"></status>
</kw>
<status status="PASS" starttime="20200724 20:52:26.884" endtime="20200724 20:52:30.301"></status>
</kw>
<kw name="Quando submeto o meu email &quot;joao&amp;yahoo.com&quot;" library="kws">
<kw name="Input Text" library="SeleniumLibrary">
<doc>Types the given ``text`` into the text field identified by ``locator``.</doc>
<arguments>
<arg>${CAMPO_EMAIL}</arg>
<arg>${email}</arg>
</arguments>
<msg timestamp="20200724 20:52:30.303" level="INFO">Typing text 'joao&amp;yahoo.com' into text field 'id:email'.</msg>
<status status="PASS" starttime="20200724 20:52:30.302" endtime="20200724 20:52:30.470"></status>
</kw>
<kw name="Click Element" library="SeleniumLibrary">
<doc>Click the element identified by ``locator``.</doc>
<arguments>
<arg>${BOTAO_ENTRAR}</arg>
</arguments>
<msg timestamp="20200724 20:52:30.471" level="INFO">Clicking element 'css:button[type=submit]'.</msg>
<status status="PASS" starttime="20200724 20:52:30.470" endtime="20200724 20:52:30.538"></status>
</kw>
<status status="PASS" starttime="20200724 20:52:30.302" endtime="20200724 20:52:30.538"></status>
</kw>
<kw name="Entao devo ver a mensagem &quot;Oops. Informe um email válido!&quot;" library="kws">
<kw name="Wait Until Element Contains" library="SeleniumLibrary">
<doc>Waits until the element ``locator`` contains ``text``.</doc>
<arguments>
<arg>${DIV_ALERT}</arg>
<arg>${expect_message}</arg>
</arguments>
<status status="PASS" starttime="20200724 20:52:30.539" endtime="20200724 20:52:30.619"></status>
</kw>
<status status="PASS" starttime="20200724 20:52:30.539" endtime="20200724 20:52:30.620"></status>
</kw>
<kw name="Close Session" library="base" type="teardown">
<kw name="Capture Page Screenshot" library="SeleniumLibrary">
<doc>Takes a screenshot of the current page and embeds it into a log file.</doc>
<msg timestamp="20200724 20:52:30.989" level="INFO" html="yes">&lt;/td&gt;&lt;/tr&gt;&lt;tr&gt;&lt;td colspan="3"&gt;&lt;a href="selenium-screenshot-4.png"&gt;&lt;img src="selenium-screenshot-4.png" width="800px"&gt;&lt;/a&gt;</msg>
<status status="PASS" starttime="20200724 20:52:30.621" endtime="20200724 20:52:30.989"></status>
</kw>
<kw name="Close Browser" library="SeleniumLibrary">
<doc>Closes the current browser.</doc>
<status status="PASS" starttime="20200724 20:52:30.989" endtime="20200724 20:52:33.241"></status>
</kw>
<status status="PASS" starttime="20200724 20:52:30.621" endtime="20200724 20:52:33.242"></status>
</kw>
<status status="PASS" starttime="20200724 20:52:23.175" endtime="20200724 20:52:33.242" critical="yes"></status>
</test>
<test id="s1-s1-t3" name="Email não informado">
<kw name="Open Session" library="base" type="setup">
<kw name="Open Browser" library="SeleniumLibrary">
<doc>Opens a new browser instance to the optional ``url``.</doc>
<arguments>
<arg>about:blank</arg>
<arg>chrome</arg>
</arguments>
<msg timestamp="20200724 20:52:33.246" level="INFO">Opening browser 'chrome' to base url 'about:blank'.</msg>
<status status="PASS" starttime="20200724 20:52:33.246" endtime="20200724 20:52:36.799"></status>
</kw>
<status status="PASS" starttime="20200724 20:52:33.245" endtime="20200724 20:52:36.799"></status>
</kw>
<kw name="Dado que acesso a página principal" library="kws">
<kw name="Go To" library="SeleniumLibrary">
<doc>Navigates the current browser window to the provided ``url``.</doc>
<arguments>
<arg>${base_url}</arg>
</arguments>
<msg timestamp="20200724 20:52:36.800" level="INFO">Opening url 'http://ninjachef-qaninja-io.umbler.net/'</msg>
<status status="PASS" starttime="20200724 20:52:36.800" endtime="20200724 20:52:40.004"></status>
</kw>
<status status="PASS" starttime="20200724 20:52:36.800" endtime="20200724 20:52:40.004"></status>
</kw>
<kw name="Quando submeto o meu email &quot;${EMPTY}&quot;" library="kws">
<kw name="Input Text" library="SeleniumLibrary">
<doc>Types the given ``text`` into the text field identified by ``locator``.</doc>
<arguments>
<arg>${CAMPO_EMAIL}</arg>
<arg>${email}</arg>
</arguments>
<msg timestamp="20200724 20:52:40.006" level="INFO">Typing text '' into text field 'id:email'.</msg>
<status status="PASS" starttime="20200724 20:52:40.005" endtime="20200724 20:52:40.124"></status>
</kw>
<kw name="Click Element" library="SeleniumLibrary">
<doc>Click the element identified by ``locator``.</doc>
<arguments>
<arg>${BOTAO_ENTRAR}</arg>
</arguments>
<msg timestamp="20200724 20:52:40.125" level="INFO">Clicking element 'css:button[type=submit]'.</msg>
<status status="PASS" starttime="20200724 20:52:40.124" endtime="20200724 20:52:40.184"></status>
</kw>
<status status="PASS" starttime="20200724 20:52:40.005" endtime="20200724 20:52:40.184"></status>
</kw>
<kw name="Entao devo ver a mensagem &quot;Oops. Informe um email válido!&quot;" library="kws">
<kw name="Wait Until Element Contains" library="SeleniumLibrary">
<doc>Waits until the element ``locator`` contains ``text``.</doc>
<arguments>
<arg>${DIV_ALERT}</arg>
<arg>${expect_message}</arg>
</arguments>
<status status="PASS" starttime="20200724 20:52:40.184" endtime="20200724 20:52:40.209"></status>
</kw>
<status status="PASS" starttime="20200724 20:52:40.184" endtime="20200724 20:52:40.209"></status>
</kw>
<kw name="Close Session" library="base" type="teardown">
<kw name="Capture Page Screenshot" library="SeleniumLibrary">
<doc>Takes a screenshot of the current page and embeds it into a log file.</doc>
<msg timestamp="20200724 20:52:40.604" level="INFO" html="yes">&lt;/td&gt;&lt;/tr&gt;&lt;tr&gt;&lt;td colspan="3"&gt;&lt;a href="selenium-screenshot-5.png"&gt;&lt;img src="selenium-screenshot-5.png" width="800px"&gt;&lt;/a&gt;</msg>
<status status="PASS" starttime="20200724 20:52:40.213" endtime="20200724 20:52:40.605"></status>
</kw>
<kw name="Close Browser" library="SeleniumLibrary">
<doc>Closes the current browser.</doc>
<status status="PASS" starttime="20200724 20:52:40.605" endtime="20200724 20:52:42.956"></status>
</kw>
<status status="PASS" starttime="20200724 20:52:40.212" endtime="20200724 20:52:42.956"></status>
</kw>
<status status="PASS" starttime="20200724 20:52:33.245" endtime="20200724 20:52:42.957" critical="yes"></status>
</test>
<doc>Suite dos testes de cadastro</doc>
<status status="PASS" starttime="20200724 20:52:11.664" endtime="20200724 20:52:42.959"></status>
</suite>
<suite id="s1-s2" name="Cadastro V3" source="E:\Arrumado\Cursos\QA_Ninja-RobotWeek_2ed\ninjachef\tests\cadastro_v3.robot">
<test id="s1-s2-t1" name="Cadastro simples">
<kw name="Open Session" library="base" type="setup">
<kw name="Open Browser" library="SeleniumLibrary">
<doc>Opens a new browser instance to the optional ``url``.</doc>
<arguments>
<arg>about:blank</arg>
<arg>chrome</arg>
</arguments>
<msg timestamp="20200724 20:52:42.971" level="INFO">Opening browser 'chrome' to base url 'about:blank'.</msg>
<status status="PASS" starttime="20200724 20:52:42.971" endtime="20200724 20:52:46.655"></status>
</kw>
<status status="PASS" starttime="20200724 20:52:42.971" endtime="20200724 20:52:46.655"></status>
</kw>
<kw name="Dado que acesso a página principal" library="kws">
<kw name="Go To" library="SeleniumLibrary">
<doc>Navigates the current browser window to the provided ``url``.</doc>
<arguments>
<arg>${base_url}</arg>
</arguments>
<msg timestamp="20200724 20:52:46.659" level="INFO">Opening url 'http://ninjachef-qaninja-io.umbler.net/'</msg>
<status status="PASS" starttime="20200724 20:52:46.658" endtime="20200724 20:52:49.034"></status>
</kw>
<status status="PASS" starttime="20200724 20:52:46.657" endtime="20200724 20:52:49.034"></status>
</kw>
<kw name="Quando submeto o meu email &quot;joao@gmail.com&quot;" library="kws">
<kw name="Input Text" library="SeleniumLibrary">
<doc>Types the given ``text`` into the text field identified by ``locator``.</doc>
<arguments>
<arg>${CAMPO_EMAIL}</arg>
<arg>${email}</arg>
</arguments>
<msg timestamp="20200724 20:52:49.036" level="INFO">Typing text 'joao@gmail.com' into text field 'id:email'.</msg>
<status status="PASS" starttime="20200724 20:52:49.036" endtime="20200724 20:52:49.300"></status>
</kw>
<kw name="Click Element" library="SeleniumLibrary">
<doc>Click the element identified by ``locator``.</doc>
<arguments>
<arg>${BOTAO_ENTRAR}</arg>
</arguments>
<msg timestamp="20200724 20:52:49.301" level="INFO">Clicking element 'css:button[type=submit]'.</msg>
<status status="PASS" starttime="20200724 20:52:49.300" endtime="20200724 20:52:49.397"></status>
</kw>
<status status="PASS" starttime="20200724 20:52:49.035" endtime="20200724 20:52:49.397"></status>
</kw>
<kw name="Então devo ser autenticado" library="kws">
<kw name="Wait Until Page Contains Element" library="SeleniumLibrary">
<doc>Waits until the element ``locator`` appears on the current page.</doc>
<arguments>
<arg>${DIV_DASH}</arg>
</arguments>
<status status="PASS" starttime="20200724 20:52:49.399" endtime="20200724 20:52:50.141"></status>
</kw>
<status status="PASS" starttime="20200724 20:52:49.398" endtime="20200724 20:52:50.141"></status>
</kw>
<kw name="Close Session" library="base" type="teardown">
<kw name="Capture Page Screenshot" library="SeleniumLibrary">
<doc>Takes a screenshot of the current page and embeds it into a log file.</doc>
<msg timestamp="20200724 20:52:50.762" level="INFO" html="yes">&lt;/td&gt;&lt;/tr&gt;&lt;tr&gt;&lt;td colspan="3"&gt;&lt;a href="selenium-screenshot-6.png"&gt;&lt;img src="selenium-screenshot-6.png" width="800px"&gt;&lt;/a&gt;</msg>
<status status="PASS" starttime="20200724 20:52:50.142" endtime="20200724 20:52:50.762"></status>
</kw>
<kw name="Close Browser" library="SeleniumLibrary">
<doc>Closes the current browser.</doc>
<status status="PASS" starttime="20200724 20:52:50.762" endtime="20200724 20:52:52.929"></status>
</kw>
<status status="PASS" starttime="20200724 20:52:50.142" endtime="20200724 20:52:52.929"></status>
</kw>
<status status="PASS" starttime="20200724 20:52:42.970" endtime="20200724 20:52:52.930" critical="yes"></status>
</test>
<test id="s1-s2-t2" name="Email incorreto">
<kw name="Open Session" library="base" type="setup">
<kw name="Open Browser" library="SeleniumLibrary">
<doc>Opens a new browser instance to the optional ``url``.</doc>
<arguments>
<arg>about:blank</arg>
<arg>chrome</arg>
</arguments>
<msg timestamp="20200724 20:52:52.933" level="INFO">Opening browser 'chrome' to base url 'about:blank'.</msg>
<status status="PASS" starttime="20200724 20:52:52.933" endtime="20200724 20:52:56.769"></status>
</kw>
<status status="PASS" starttime="20200724 20:52:52.932" endtime="20200724 20:52:56.769"></status>
</kw>
<kw name="Dado que acesso a página principal" library="kws">
<kw name="Go To" library="SeleniumLibrary">
<doc>Navigates the current browser window to the provided ``url``.</doc>
<arguments>
<arg>${base_url}</arg>
</arguments>
<msg timestamp="20200724 20:52:56.772" level="INFO">Opening url 'http://ninjachef-qaninja-io.umbler.net/'</msg>
<status status="PASS" starttime="20200724 20:52:56.771" endtime="20200724 20:52:58.977"></status>
</kw>
<status status="PASS" starttime="20200724 20:52:56.770" endtime="20200724 20:52:58.977"></status>
</kw>
<kw name="Quando submeto o meu email &quot;joao&amp;yahoo.com&quot;" library="kws">
<kw name="Input Text" library="SeleniumLibrary">
<doc>Types the given ``text`` into the text field identified by ``locator``.</doc>
<arguments>
<arg>${CAMPO_EMAIL}</arg>
<arg>${email}</arg>
</arguments>
<msg timestamp="20200724 20:52:58.979" level="INFO">Typing text 'joao&amp;yahoo.com' into text field 'id:email'.</msg>
<status status="PASS" starttime="20200724 20:52:58.978" endtime="20200724 20:52:59.122"></status>
</kw>
<kw name="Click Element" library="SeleniumLibrary">
<doc>Click the element identified by ``locator``.</doc>
<arguments>
<arg>${BOTAO_ENTRAR}</arg>
</arguments>
<msg timestamp="20200724 20:52:59.123" level="INFO">Clicking element 'css:button[type=submit]'.</msg>
<status status="PASS" starttime="20200724 20:52:59.122" endtime="20200724 20:52:59.180"></status>
</kw>
<status status="PASS" starttime="20200724 20:52:58.978" endtime="20200724 20:52:59.181"></status>
</kw>
<kw name="Entao devo ver a mensagem &quot;Oops. Informe um email válido!&quot;" library="kws">
<kw name="Wait Until Element Contains" library="SeleniumLibrary">
<doc>Waits until the element ``locator`` contains ``text``.</doc>
<arguments>
<arg>${DIV_ALERT}</arg>
<arg>${expect_message}</arg>
</arguments>
<status status="PASS" starttime="20200724 20:52:59.181" endtime="20200724 20:52:59.208"></status>
</kw>
<status status="PASS" starttime="20200724 20:52:59.181" endtime="20200724 20:52:59.209"></status>
</kw>
<kw name="Close Session" library="base" type="teardown">
<kw name="Capture Page Screenshot" library="SeleniumLibrary">
<doc>Takes a screenshot of the current page and embeds it into a log file.</doc>
<msg timestamp="20200724 20:52:59.599" level="INFO" html="yes">&lt;/td&gt;&lt;/tr&gt;&lt;tr&gt;&lt;td colspan="3"&gt;&lt;a href="selenium-screenshot-7.png"&gt;&lt;img src="selenium-screenshot-7.png" width="800px"&gt;&lt;/a&gt;</msg>
<status status="PASS" starttime="20200724 20:52:59.210" endtime="20200724 20:52:59.600"></status>
</kw>
<kw name="Close Browser" library="SeleniumLibrary">
<doc>Closes the current browser.</doc>
<status status="PASS" starttime="20200724 20:52:59.600" endtime="20200724 20:53:01.928"></status>
</kw>
<status status="PASS" starttime="20200724 20:52:59.210" endtime="20200724 20:53:01.928"></status>
</kw>
<status status="PASS" starttime="20200724 20:52:52.932" endtime="20200724 20:53:01.930" critical="yes"></status>
</test>
<test id="s1-s2-t3" name="Email não informado">
<kw name="Open Session" library="base" type="setup">
<kw name="Open Browser" library="SeleniumLibrary">
<doc>Opens a new browser instance to the optional ``url``.</doc>
<arguments>
<arg>about:blank</arg>
<arg>chrome</arg>
</arguments>
<msg timestamp="20200724 20:53:01.935" level="INFO">Opening browser 'chrome' to base url 'about:blank'.</msg>
<status status="PASS" starttime="20200724 20:53:01.934" endtime="20200724 20:53:05.583"></status>
</kw>
<status status="PASS" starttime="20200724 20:53:01.933" endtime="20200724 20:53:05.584"></status>
</kw>
<kw name="Dado que acesso a página principal" library="kws">
<kw name="Go To" library="SeleniumLibrary">
<doc>Navigates the current browser window to the provided ``url``.</doc>
<arguments>
<arg>${base_url}</arg>
</arguments>
<msg timestamp="20200724 20:53:05.586" level="INFO">Opening url 'http://ninjachef-qaninja-io.umbler.net/'</msg>
<status status="PASS" starttime="20200724 20:53:05.585" endtime="20200724 20:53:07.915"></status>
</kw>
<status status="PASS" starttime="20200724 20:53:05.584" endtime="20200724 20:53:07.915"></status>
</kw>
<kw name="Quando submeto o meu email &quot;${EMPTY}&quot;" library="kws">
<kw name="Input Text" library="SeleniumLibrary">
<doc>Types the given ``text`` into the text field identified by ``locator``.</doc>
<arguments>
<arg>${CAMPO_EMAIL}</arg>
<arg>${email}</arg>
</arguments>
<msg timestamp="20200724 20:53:07.917" level="INFO">Typing text '' into text field 'id:email'.</msg>
<status status="PASS" starttime="20200724 20:53:07.917" endtime="20200724 20:53:08.010"></status>
</kw>
<kw name="Click Element" library="SeleniumLibrary">
<doc>Click the element identified by ``locator``.</doc>
<arguments>
<arg>${BOTAO_ENTRAR}</arg>
</arguments>
<msg timestamp="20200724 20:53:08.010" level="INFO">Clicking element 'css:button[type=submit]'.</msg>
<status status="PASS" starttime="20200724 20:53:08.010" endtime="20200724 20:53:08.063"></status>
</kw>
<status status="PASS" starttime="20200724 20:53:07.916" endtime="20200724 20:53:08.063"></status>
</kw>
<kw name="Entao devo ver a mensagem &quot;Oops. Informe um email válido!&quot;" library="kws">
<kw name="Wait Until Element Contains" library="SeleniumLibrary">
<doc>Waits until the element ``locator`` contains ``text``.</doc>
<arguments>
<arg>${DIV_ALERT}</arg>
<arg>${expect_message}</arg>
</arguments>
<status status="PASS" starttime="20200724 20:53:08.064" endtime="20200724 20:53:08.089"></status>
</kw>
<status status="PASS" starttime="20200724 20:53:08.064" endtime="20200724 20:53:08.089"></status>
</kw>
<kw name="Close Session" library="base" type="teardown">
<kw name="Capture Page Screenshot" library="SeleniumLibrary">
<doc>Takes a screenshot of the current page and embeds it into a log file.</doc>
<msg timestamp="20200724 20:53:08.439" level="INFO" html="yes">&lt;/td&gt;&lt;/tr&gt;&lt;tr&gt;&lt;td colspan="3"&gt;&lt;a href="selenium-screenshot-8.png"&gt;&lt;img src="selenium-screenshot-8.png" width="800px"&gt;&lt;/a&gt;</msg>
<status status="PASS" starttime="20200724 20:53:08.090" endtime="20200724 20:53:08.439"></status>
</kw>
<kw name="Close Browser" library="SeleniumLibrary">
<doc>Closes the current browser.</doc>
<status status="PASS" starttime="20200724 20:53:08.439" endtime="20200724 20:53:10.640"></status>
</kw>
<status status="PASS" starttime="20200724 20:53:08.089" endtime="20200724 20:53:10.640"></status>
</kw>
<status status="PASS" starttime="20200724 20:53:01.932" endtime="20200724 20:53:10.641" critical="yes"></status>
</test>
<doc>Suite dos testes de cadastro</doc>
<status status="PASS" starttime="20200724 20:52:42.963" endtime="20200724 20:53:10.643"></status>
</suite>
<suite id="s1-s3" name="Produtos" source="E:\Arrumado\Cursos\QA_Ninja-RobotWeek_2ed\ninjachef\tests\produtos.robot">
<test id="s1-s3-t1" name="Novo prato">
<kw name="Login Session" library="helpers" type="setup">
<arguments>
<arg>natinha@yahoo.com</arg>
</arguments>
<kw name="Open Session" library="base">
<kw name="Open Browser" library="SeleniumLibrary">
<doc>Opens a new browser instance to the optional ``url``.</doc>
<arguments>
<arg>about:blank</arg>
<arg>chrome</arg>
</arguments>
<msg timestamp="20200724 20:53:10.655" level="INFO">Opening browser 'chrome' to base url 'about:blank'.</msg>
<status status="PASS" starttime="20200724 20:53:10.655" endtime="20200724 20:53:14.210"></status>
</kw>
<status status="PASS" starttime="20200724 20:53:10.654" endtime="20200724 20:53:14.211"></status>
</kw>
<kw name="Go To" library="SeleniumLibrary">
<doc>Navigates the current browser window to the provided ``url``.</doc>
<arguments>
<arg>${base_url}</arg>
</arguments>
<msg timestamp="20200724 20:53:14.211" level="INFO">Opening url 'http://ninjachef-qaninja-io.umbler.net/'</msg>
<status status="PASS" starttime="20200724 20:53:14.211" endtime="20200724 20:53:16.170"></status>
</kw>
<kw name="Input Text" library="SeleniumLibrary">
<doc>Types the given ``text`` into the text field identified by ``locator``.</doc>
<arguments>
<arg>${CAMPO_EMAIL}</arg>
<arg>${email}</arg>
</arguments>
<msg timestamp="20200724 20:53:16.171" level="INFO">Typing text 'natinha@yahoo.com' into text field 'id:email'.</msg>
<status status="PASS" starttime="20200724 20:53:16.170" endtime="20200724 20:53:16.342"></status>
</kw>
<kw name="Click Element" library="SeleniumLibrary">
<doc>Click the element identified by ``locator``.</doc>
<arguments>
<arg>${BOTAO_ENTRAR}</arg>
</arguments>
<msg timestamp="20200724 20:53:16.343" level="INFO">Clicking element 'css:button[type=submit]'.</msg>
<status status="PASS" starttime="20200724 20:53:16.342" endtime="20200724 20:53:16.389"></status>
</kw>
<kw name="Wait Until Page Contains Element" library="SeleniumLibrary">
<doc>Waits until the element ``locator`` appears on the current page.</doc>
<arguments>
<arg>${DIV_DASH}</arg>
</arguments>
<status status="PASS" starttime="20200724 20:53:16.389" endtime="20200724 20:53:17.100"></status>
</kw>
<status status="PASS" starttime="20200724 20:53:10.654" endtime="20200724 20:53:17.100"></status>
</kw>
<kw name="Dado que &quot;${nhoque}&quot; é um dos meus pratos" library="kws">
<kw name="Set Test Variable" library="BuiltIn">
<doc>Makes a variable available everywhere within the scope of the current test.</doc>
<arguments>
<arg>${produto}</arg>
</arguments>
<msg timestamp="20200724 20:53:17.104" level="INFO">${produto} = {'img': 'nhoque.jpg', 'nome': 'Nhoque molho páprica', 'tipo': 'Massas', 'preco': '20.00'}</msg>
<status status="PASS" starttime="20200724 20:53:17.103" endtime="20200724 20:53:17.104"></status>
</kw>
<status status="PASS" starttime="20200724 20:53:17.103" endtime="20200724 20:53:17.104"></status>
</kw>
<kw name="Quando faço o cadastro desse item" library="kws">
<kw name="Wait Until Element Is Visible" library="SeleniumLibrary">
<doc>Waits until the element ``locator`` is visible.</doc>
<arguments>
<arg>${BOTAO_ADD}</arg>
<arg>5</arg>
</arguments>
<status status="PASS" starttime="20200724 20:53:17.105" endtime="20200724 20:53:17.564"></status>
</kw>
<kw name="Click Element" library="SeleniumLibrary">
<doc>Click the element identified by ``locator``.</doc>
<arguments>
<arg>${BOTAO_ADD}</arg>
</arguments>
<msg timestamp="20200724 20:53:17.565" level="INFO">Clicking element 'class:btn-add'.</msg>
<status status="PASS" starttime="20200724 20:53:17.564" endtime="20200724 20:53:17.663"></status>
</kw>
<kw name="Choose File" library="SeleniumLibrary">
<doc>Inputs the ``file_path`` into the file input field ``locator``.</doc>
<arguments>
<arg>${CAMPO_FOTO}</arg>
<arg>${EXECDIR}/resources/images/${produto['img']}</arg>
</arguments>
<msg timestamp="20200724 20:53:17.664" level="INFO">Sending E:\Arrumado\Cursos\QA_Ninja-RobotWeek_2ed\ninjachef\resources\images\nhoque.jpg to browser.</msg>
<status status="PASS" starttime="20200724 20:53:17.663" endtime="20200724 20:53:17.719"></status>
</kw>
<kw name="Input Text" library="SeleniumLibrary">
<doc>Types the given ``text`` into the text field identified by ``locator``.</doc>
<arguments>
<arg>${CAMPO_NOME}</arg>
<arg>${produto['nome']}</arg>
</arguments>
<msg timestamp="20200724 20:53:17.721" level="INFO">Typing text 'Nhoque molho páprica' into text field 'id:name'.</msg>
<status status="PASS" starttime="20200724 20:53:17.720" endtime="20200724 20:53:17.894"></status>
</kw>
<kw name="Input Text" library="SeleniumLibrary">
<doc>Types the given ``text`` into the text field identified by ``locator``.</doc>
<arguments>
<arg>${CAMPO_TIPO}</arg>
<arg>${produto['tipo']}</arg>
</arguments>
<msg timestamp="20200724 20:53:17.895" level="INFO">Typing text 'Massas' into text field 'id:plate'.</msg>
<status status="PASS" starttime="20200724 20:53:17.894" endtime="20200724 20:53:18.044"></status>
</kw>
<kw name="Input Text" library="SeleniumLibrary">
<doc>Types the given ``text`` into the text field identified by ``locator``.</doc>
<arguments>
<arg>${CAMPO_PRECO}</arg>
<arg>${produto['preco']}</arg>
</arguments>
<msg timestamp="20200724 20:53:18.045" level="INFO">Typing text '20.00' into text field 'id:price'.</msg>
<status status="PASS" starttime="20200724 20:53:18.044" endtime="20200724 20:53:18.144"></status>
</kw>
<kw name="Click Element" library="SeleniumLibrary">
<doc>Click the element identified by ``locator``.</doc>
<arguments>
<arg>${BOTAO_CADASTRAR}</arg>
</arguments>
<msg timestamp="20200724 20:53:18.144" level="INFO">Clicking element 'class:btn-cadastrar'.</msg>
<status status="PASS" starttime="20200724 20:53:18.144" endtime="20200724 20:53:18.206"></status>
</kw>
<status status="PASS" starttime="20200724 20:53:17.105" endtime="20200724 20:53:18.206"></status>
</kw>
<kw name="Então devo ser este prato no meu dashboard" library="kws">
<kw name="Wait Until Element Contains" library="SeleniumLibrary">
<doc>Waits until the element ``locator`` contains ``text``.</doc>
<arguments>
<arg>${DIV_LISTA}</arg>
<arg>${produto['nome']}</arg>
</arguments>
<status status="PASS" starttime="20200724 20:53:18.207" endtime="20200724 20:53:19.504"></status>
</kw>
<status status="PASS" starttime="20200724 20:53:18.207" endtime="20200724 20:53:19.504"></status>
</kw>
<kw name="Close Session" library="base" type="teardown">
<kw name="Capture Page Screenshot" library="SeleniumLibrary">
<doc>Takes a screenshot of the current page and embeds it into a log file.</doc>
<msg timestamp="20200724 20:53:19.995" level="INFO" html="yes">&lt;/td&gt;&lt;/tr&gt;&lt;tr&gt;&lt;td colspan="3"&gt;&lt;a href="selenium-screenshot-9.png"&gt;&lt;img src="selenium-screenshot-9.png" width="800px"&gt;&lt;/a&gt;</msg>
<status status="PASS" starttime="20200724 20:53:19.505" endtime="20200724 20:53:19.995"></status>
</kw>
<kw name="Close Browser" library="SeleniumLibrary">
<doc>Closes the current browser.</doc>
<status status="PASS" starttime="20200724 20:53:19.996" endtime="20200724 20:53:22.258"></status>
</kw>
<status status="PASS" starttime="20200724 20:53:19.505" endtime="20200724 20:53:22.258"></status>
</kw>
<status status="PASS" starttime="20200724 20:53:10.653" endtime="20200724 20:53:22.259" critical="yes"></status>
</test>
<doc>Cadastro de produtos/pratos
Sendo um cozinheiro amador
Quero cadastrar meus melhores pratos
Para que eu possa cozinha-los para outras pessoas</doc>
<status status="PASS" starttime="20200724 20:53:10.646" endtime="20200724 20:53:22.260"></status>
</suite>
<status status="PASS" starttime="20200724 20:52:11.637" endtime="20200724 20:53:22.263"></status>
</suite>
<statistics>
<total>
<stat pass="7" fail="0">Critical Tests</stat>
<stat pass="7" fail="0">All Tests</stat>
</total>
<tag>
</tag>
<suite>
<stat pass="7" fail="0" id="s1" name="Tests">Tests</stat>
<stat pass="3" fail="0" id="s1-s1" name="Cadastro-Usuario">Tests.Cadastro-Usuario</stat>
<stat pass="3" fail="0" id="s1-s2" name="Cadastro V3">Tests.Cadastro V3</stat>
<stat pass="1" fail="0" id="s1-s3" name="Produtos">Tests.Produtos</stat>
</suite>
</statistics>
<errors>
</errors>
</robot>
