<?xml version="1.0" encoding="UTF-8"?>
<robot generator="Robot 3.2.1 (Python 3.8.1 on win32)" generated="20200728 00:16:53.685" rpa="false">
<suite id="s1" name="Login" source="E:\Arrumado\Cursos\QA_Ninja-RobotWeek_2ed\ninjachef-Web_Mobile\mobile\tests\login.robot">
<test id="s1-t1" name="Acessar o cardapio">
<kw name="Open Session" library="base" type="setup">
<kw name="Open Application" library="AppiumLibrary">
<doc>Opens a new application to given Appium server.
Capabilities of appium server, Android and iOS,
Please check https://github.com/appium/appium/blob/master/docs/en/writing-running-appium/server-args.md
| *Option*            | *Man.* | *Description*     |
| remote_url          | Yes    | Appium server url |
| alias               | no     | alias             |</doc>
<arguments>
<arg>http://localhost:4723/wd/hub</arg>
<arg>platformName=Android</arg>
<arg>automationName=UiAutomator2</arg>
<arg>deviceName=Emulator</arg>
<arg>app=${EXECDIR}/app/ninjachef.apk</arg>
<arg>udid=emulator-5554</arg>
<arg>adbExecTimeout=60000</arg>
</arguments>
<status status="PASS" starttime="20200728 00:16:54.078" endtime="20200728 00:17:25.157"></status>
</kw>
<status status="PASS" starttime="20200728 00:16:54.078" endtime="20200728 00:17:25.158"></status>
</kw>
<kw name="Dado que desejo comer &quot;Massas&quot;" library="kws">
<kw name="Set Test Variable" library="BuiltIn">
<doc>Makes a variable available everywhere within the scope of the current test.</doc>
<arguments>
<arg>${prato}</arg>
</arguments>
<msg timestamp="20200728 00:17:25.176" level="INFO">${prato} = Massas</msg>
<status status="PASS" starttime="20200728 00:17:25.175" endtime="20200728 00:17:25.176"></status>
</kw>
<status status="PASS" starttime="20200728 00:17:25.174" endtime="20200728 00:17:25.177"></status>
</kw>
<kw name="Quando submeto meu email &quot;papito@ninjachef.com.br&quot;" library="kws">
<kw name="Wait Until Page Contains" library="AppiumLibrary">
<doc>Waits until `text` appears on current page.</doc>
<arguments>
<arg>Buscar Prato</arg>
<arg>10</arg>
</arguments>
<status status="PASS" starttime="20200728 00:17:25.179" endtime="20200728 00:17:29.645"></status>
</kw>
<kw name="Input Text" library="AppiumLibrary">
<doc>Types the given `text` into text field identified by `locator`.</doc>
<arguments>
<arg>accessibility_id=emailInput</arg>
<arg>${email}</arg>
</arguments>
<msg timestamp="20200728 00:17:29.648" level="INFO">Typing text 'papito@ninjachef.com.br' into text field 'accessibility_id=emailInput'</msg>
<status status="PASS" starttime="20200728 00:17:29.646" endtime="20200728 00:17:30.248"></status>
</kw>
<kw name="Input Text" library="AppiumLibrary">
<doc>Types the given `text` into text field identified by `locator`.</doc>
<arguments>
<arg>accessibility_id=plateInput</arg>
<arg>${prato}</arg>
</arguments>
<msg timestamp="20200728 00:17:30.250" level="INFO">Typing text 'Massas' into text field 'accessibility_id=plateInput'</msg>
<status status="PASS" starttime="20200728 00:17:30.248" endtime="20200728 00:17:30.794"></status>
</kw>
<kw name="Click Text" library="AppiumLibrary">
<doc>Click text identified by ``text``.</doc>
<arguments>
<arg>Buscar Prato</arg>
</arguments>
<status status="PASS" starttime="20200728 00:17:30.795" endtime="20200728 00:17:31.517"></status>
</kw>
<status status="PASS" starttime="20200728 00:17:25.178" endtime="20200728 00:17:31.517"></status>
</kw>
<kw name="Entao devo ver a lista de pratos por tipo" library="kws">
<kw name="Wait Until Page Contains" library="AppiumLibrary">
<doc>Waits until `text` appears on current page.</doc>
<arguments>
<arg>Fome de ${prato}</arg>
</arguments>
<status status="PASS" starttime="20200728 00:17:31.518" endtime="20200728 00:17:34.286"></status>
</kw>
<status status="PASS" starttime="20200728 00:17:31.518" endtime="20200728 00:17:34.286"></status>
</kw>
<kw name="Close Session" library="base" type="teardown">
<kw name="Capture Page Screenshot" library="AppiumLibrary">
<doc>Takes a screenshot of the current page and embeds it into the log.</doc>
<msg timestamp="20200728 00:17:34.823" level="INFO" html="yes">&lt;/td&gt;&lt;/tr&gt;&lt;tr&gt;&lt;td colspan="3"&gt;&lt;a href="appium-screenshot-1.png"&gt;&lt;img src="appium-screenshot-1.png" width="800px"&gt;&lt;/a&gt;</msg>
<status status="PASS" starttime="20200728 00:17:34.289" endtime="20200728 00:17:34.824"></status>
</kw>
<kw name="Close Application" library="AppiumLibrary">
<doc>Closes the current application and also close webdriver session.</doc>
<status status="PASS" starttime="20200728 00:17:34.824" endtime="20200728 00:17:37.302"></status>
</kw>
<status status="PASS" starttime="20200728 00:17:34.288" endtime="20200728 00:17:37.302"></status>
</kw>
<status status="PASS" starttime="20200728 00:16:54.077" endtime="20200728 00:17:37.306" critical="yes"></status>
</test>
<doc>Testes do login no ninjachef mobile</doc>
<status status="PASS" starttime="20200728 00:16:53.692" endtime="20200728 00:17:37.311"></status>
</suite>
<statistics>
<total>
<stat pass="1" fail="0">Critical Tests</stat>
<stat pass="1" fail="0">All Tests</stat>
</total>
<tag>
</tag>
<suite>
<stat pass="1" fail="0" id="s1" name="Login">Login</stat>
</suite>
</statistics>
<errors>
</errors>
</robot>
