<?xml version="1.0" encoding="UTF-8"?>
<robot generator="Robot 3.2.1 (Python 3.8.1 on win32)" generated="20200728 14:52:02.492" rpa="false">
<suite id="s1" name="Receber-Pedidos" source="E:\Arrumado\Cursos\QA_Ninja-RobotWeek_2ed\3_ninjachef-Web_Mobile_API\web\tests\receber-pedidos.robot">
<test id="s1-t1" name="Receber novo pedidos">
<kw name="Open Session" library="base" type="setup">
<kw name="Open Browser" library="SeleniumLibrary">
<doc>Opens a new browser instance to the optional ``url``.</doc>
<arguments>
<arg>about:blank</arg>
<arg>chrome</arg>
</arguments>
<msg timestamp="20200728 14:52:02.990" level="INFO">Opening browser 'chrome' to base url 'about:blank'.</msg>
<status status="PASS" starttime="20200728 14:52:02.990" endtime="20200728 14:52:06.972"></status>
</kw>
<status status="PASS" starttime="20200728 14:52:02.990" endtime="20200728 14:52:06.973"></status>
</kw>
<kw name="Dado que &quot;eduguedes@gmail.com&quot; é a minha conta de cozinheiro" library="kws">
<kw name="Set Test Variable" library="BuiltIn">
<doc>Makes a variable available everywhere within the scope of the current test.</doc>
<arguments>
<arg>${email_cozinheiro}</arg>
</arguments>
<msg timestamp="20200728 14:52:06.974" level="INFO">${email_cozinheiro} = eduguedes@gmail.com</msg>
<status status="PASS" starttime="20200728 14:52:06.974" endtime="20200728 14:52:06.974"></status>
</kw>
<kw name="Get Api Login" library="helpers">
<arguments>
<arg>${email_cozinheiro}</arg>
</arguments>
<assign>
<var>${token_cozinheiro}</var>
</assign>
<kw name="Create Dictionary" library="BuiltIn">
<doc>Creates and returns a dictionary based on the given ``items``.</doc>
<arguments>
<arg>Content-Type=application/json</arg>
</arguments>
<assign>
<var>&amp;{headers}</var>
</assign>
<msg timestamp="20200728 14:52:06.975" level="INFO">&amp;{headers} = { Content-Type=application/json }</msg>
<status status="PASS" starttime="20200728 14:52:06.974" endtime="20200728 14:52:06.975"></status>
</kw>
<kw name="Create Dictionary" library="BuiltIn">
<doc>Creates and returns a dictionary based on the given ``items``.</doc>
<arguments>
<arg>email=${email_param}</arg>
</arguments>
<assign>
<var>&amp;{payload}</var>
</assign>
<msg timestamp="20200728 14:52:06.977" level="INFO">&amp;{payload} = { email=eduguedes@gmail.com }</msg>
<status status="PASS" starttime="20200728 14:52:06.976" endtime="20200728 14:52:06.977"></status>
</kw>
<kw name="Create Session" library="RequestsLibrary">
<doc>Create Session: create a HTTP session to a server</doc>
<arguments>
<arg>api</arg>
<arg>${api_url}</arg>
</arguments>
<msg timestamp="20200728 14:52:06.978" level="INFO">Creating Session using : alias=api, url=http://ninjachef-api-qaninja-io.umbler.net, headers={},                     cookies={}, auth=None, timeout=None, proxies=None, verify=False,                     debug=0 </msg>
<status status="PASS" starttime="20200728 14:52:06.977" endtime="20200728 14:52:06.979"></status>
</kw>
<kw name="Post Request" library="RequestsLibrary">
<doc>Send a POST request on the session object found using the
given `alias`</doc>
<arguments>
<arg>api</arg>
<arg>/sessions</arg>
<arg>data=${payload}</arg>
<arg>headers=${headers}</arg>
</arguments>
<assign>
<var>${resp}</var>
</assign>
<msg timestamp="20200728 14:52:07.317" level="INFO">POST Request : url=http://ninjachef-api-qaninja-io.umbler.net/sessions 
 path_url=/sessions 
 headers={'User-Agent': 'python-requests/2.23.0', 'Accept-Encoding': 'gzip, deflate', 'Accept': '*/*', 'Connection': 'keep-alive', 'Content-Type': 'application/json', 'Content-Length': '32'} 
 body={"email": "eduguedes@gmail.com"} 
 </msg>
<msg timestamp="20200728 14:52:07.318" level="INFO">POST Response : url=http://ninjachef-api-qaninja-io.umbler.net/sessions 
 status=200, reason=OK 
 body={"_id":"5f1744fc42f1f60016038846","email":"eduguedes@gmail.com","__v":0} 
 </msg>
<msg timestamp="20200728 14:52:07.318" level="INFO">${resp} = &lt;Response [200]&gt;</msg>
<status status="PASS" starttime="20200728 14:52:06.980" endtime="20200728 14:52:07.318"></status>
</kw>
<kw name="Status Should Be" library="RequestsLibrary">
<doc>Fails if response status code is different than the expected.</doc>
<arguments>
<arg>200</arg>
<arg>${resp}</arg>
</arguments>
<status status="PASS" starttime="20200728 14:52:07.318" endtime="20200728 14:52:07.318"></status>
</kw>
<kw name="Convert To String" library="BuiltIn">
<doc>Converts the given item to a Unicode string.</doc>
<arguments>
<arg>${resp.json()['_id']}</arg>
</arguments>
<assign>
<var>${token}</var>
</assign>
<msg timestamp="20200728 14:52:07.319" level="INFO">${token} = 5f1744fc42f1f60016038846</msg>
<status status="PASS" starttime="20200728 14:52:07.319" endtime="20200728 14:52:07.319"></status>
</kw>
<msg timestamp="20200728 14:52:07.319" level="INFO">${token_cozinheiro} = 5f1744fc42f1f60016038846</msg>
<status status="PASS" starttime="20200728 14:52:06.974" endtime="20200728 14:52:07.319"></status>
</kw>
<kw name="Set Test Variable" library="BuiltIn">
<doc>Makes a variable available everywhere within the scope of the current test.</doc>
<arguments>
<arg>${token_cozinheiro}</arg>
</arguments>
<msg timestamp="20200728 14:52:07.320" level="INFO">${token_cozinheiro} = 5f1744fc42f1f60016038846</msg>
<status status="PASS" starttime="20200728 14:52:07.320" endtime="20200728 14:52:07.320"></status>
</kw>
<status status="PASS" starttime="20200728 14:52:06.973" endtime="20200728 14:52:07.320"></status>
</kw>
<kw name="E &quot;fernando@bol.com.br&quot; é o email do meu cliente" library="kws">
<kw name="Set Test Variable" library="BuiltIn">
<doc>Makes a variable available everywhere within the scope of the current test.</doc>
<arguments>
<arg>${email_cliente}</arg>
</arguments>
<msg timestamp="20200728 14:52:07.322" level="INFO">${email_cliente} = fernando@bol.com.br</msg>
<status status="PASS" starttime="20200728 14:52:07.321" endtime="20200728 14:52:07.322"></status>
</kw>
<kw name="Get Api Login" library="helpers">
<arguments>
<arg>${email_cliente}</arg>
</arguments>
<assign>
<var>${token_cliente}</var>
</assign>
<kw name="Create Dictionary" library="BuiltIn">
<doc>Creates and returns a dictionary based on the given ``items``.</doc>
<arguments>
<arg>Content-Type=application/json</arg>
</arguments>
<assign>
<var>&amp;{headers}</var>
</assign>
<msg timestamp="20200728 14:52:07.323" level="INFO">&amp;{headers} = { Content-Type=application/json }</msg>
<status status="PASS" starttime="20200728 14:52:07.322" endtime="20200728 14:52:07.323"></status>
</kw>
<kw name="Create Dictionary" library="BuiltIn">
<doc>Creates and returns a dictionary based on the given ``items``.</doc>
<arguments>
<arg>email=${email_param}</arg>
</arguments>
<assign>
<var>&amp;{payload}</var>
</assign>
<msg timestamp="20200728 14:52:07.323" level="INFO">&amp;{payload} = { email=fernando@bol.com.br }</msg>
<status status="PASS" starttime="20200728 14:52:07.323" endtime="20200728 14:52:07.323"></status>
</kw>
<kw name="Create Session" library="RequestsLibrary">
<doc>Create Session: create a HTTP session to a server</doc>
<arguments>
<arg>api</arg>
<arg>${api_url}</arg>
</arguments>
<msg timestamp="20200728 14:52:07.323" level="INFO">Creating Session using : alias=api, url=http://ninjachef-api-qaninja-io.umbler.net, headers={},                     cookies={}, auth=None, timeout=None, proxies=None, verify=False,                     debug=0 </msg>
<status status="PASS" starttime="20200728 14:52:07.323" endtime="20200728 14:52:07.324"></status>
</kw>
<kw name="Post Request" library="RequestsLibrary">
<doc>Send a POST request on the session object found using the
given `alias`</doc>
<arguments>
<arg>api</arg>
<arg>/sessions</arg>
<arg>data=${payload}</arg>
<arg>headers=${headers}</arg>
</arguments>
<assign>
<var>${resp}</var>
</assign>
<msg timestamp="20200728 14:52:07.488" level="INFO">POST Request : url=http://ninjachef-api-qaninja-io.umbler.net/sessions 
 path_url=/sessions 
 headers={'User-Agent': 'python-requests/2.23.0', 'Accept-Encoding': 'gzip, deflate', 'Accept': '*/*', 'Connection': 'keep-alive', 'Content-Type': 'application/json', 'Content-Length': '32'} 
 body={"email": "fernando@bol.com.br"} 
 </msg>
<msg timestamp="20200728 14:52:07.488" level="INFO">POST Response : url=http://ninjachef-api-qaninja-io.umbler.net/sessions 
 status=200, reason=OK 
 body={"_id":"5f1744fc42f1f60016038847","email":"fernando@bol.com.br","__v":0} 
 </msg>
<msg timestamp="20200728 14:52:07.488" level="INFO">${resp} = &lt;Response [200]&gt;</msg>
<status status="PASS" starttime="20200728 14:52:07.324" endtime="20200728 14:52:07.488"></status>
</kw>
<kw name="Status Should Be" library="RequestsLibrary">
<doc>Fails if response status code is different than the expected.</doc>
<arguments>
<arg>200</arg>
<arg>${resp}</arg>
</arguments>
<status status="PASS" starttime="20200728 14:52:07.489" endtime="20200728 14:52:07.489"></status>
</kw>
<kw name="Convert To String" library="BuiltIn">
<doc>Converts the given item to a Unicode string.</doc>
<arguments>
<arg>${resp.json()['_id']}</arg>
</arguments>
<assign>
<var>${token}</var>
</assign>
<msg timestamp="20200728 14:52:07.490" level="INFO">${token} = 5f1744fc42f1f60016038847</msg>
<status status="PASS" starttime="20200728 14:52:07.489" endtime="20200728 14:52:07.490"></status>
</kw>
<msg timestamp="20200728 14:52:07.491" level="INFO">${token_cliente} = 5f1744fc42f1f60016038847</msg>
<status status="PASS" starttime="20200728 14:52:07.322" endtime="20200728 14:52:07.491"></status>
</kw>
<kw name="Set Test Variable" library="BuiltIn">
<doc>Makes a variable available everywhere within the scope of the current test.</doc>
<arguments>
<arg>${token_cliente}</arg>
</arguments>
<msg timestamp="20200728 14:52:07.492" level="INFO">${token_cliente} = 5f1744fc42f1f60016038847</msg>
<status status="PASS" starttime="20200728 14:52:07.491" endtime="20200728 14:52:07.492"></status>
</kw>
<status status="PASS" starttime="20200728 14:52:07.321" endtime="20200728 14:52:07.492"></status>
</kw>
<kw name="E que &quot;Carne de Jaca Louca&quot; está cadastrado no meu dashboard" library="kws">
<kw name="Set Test Variable" library="BuiltIn">
<doc>Makes a variable available everywhere within the scope of the current test.</doc>
<arguments>
<arg>${produto}</arg>
</arguments>
<msg timestamp="20200728 14:52:07.495" level="INFO">${produto} = Carne de Jaca Louca</msg>
<status status="PASS" starttime="20200728 14:52:07.494" endtime="20200728 14:52:07.495"></status>
</kw>
<kw name="Create Dictionary" library="BuiltIn">
<doc>Creates and returns a dictionary based on the given ``items``.</doc>
<arguments>
<arg>name=${produto}</arg>
<arg>plate=Tipo</arg>
<arg>price=20.0</arg>
</arguments>
<assign>
<var>&amp;{payload}</var>
</assign>
<msg timestamp="20200728 14:52:07.496" level="INFO">&amp;{payload} = { name=Carne de Jaca Louca | plate=Tipo | price=20.0 }</msg>
<status status="PASS" starttime="20200728 14:52:07.495" endtime="20200728 14:52:07.496"></status>
</kw>
<kw name="Get Binary File" library="OperatingSystem">
<doc>Returns the contents of a specified file.</doc>
<arguments>
<arg>${EXECDIR}/resources/images/prato_comida.jpg</arg>
</arguments>
<assign>
<var>${img_file}</var>
</assign>
<msg timestamp="20200728 14:52:07.496" level="INFO" html="yes">Getting file '&lt;a href="file://E:\Arrumado\Cursos\QA_Ninja-RobotWeek_2ed\3_ninjachef-Web_Mobile_API\web\resources\images\prato_comida.jpg"&gt;E:\Arrumado\Cursos\QA_Ninja-RobotWeek_2ed\3_ninjachef-Web_Mobile_API\web\resources\images\prato_comida.jpg&lt;/a&gt;'.</msg>
<msg timestamp="20200728 14:52:07.555" level="INFO">${img_file} = \xff\xd8\xff\xe0JFIF\xff\xdbC


\xff\xdbC		\xff\xc2\xd4\...</msg>
<status status="PASS" starttime="20200728 14:52:07.496" endtime="20200728 14:52:07.555"></status>
</kw>
<kw name="Create Dictionary" library="BuiltIn">
<doc>Creates and returns a dictionary based on the given ``items``.</doc>
<arguments>
<arg>thumbnail=${img_file}</arg>
</arguments>
<assign>
<var>&amp;{files}</var>
</assign>
<msg timestamp="20200728 14:52:07.629" level="INFO">&amp;{files} = { thumbnail=\xff\xd8\xff\xe0JFIF\xff\xdbC


\xff\xdbC		\xff\x...</msg>
<status status="PASS" starttime="20200728 14:52:07.555" endtime="20200728 14:52:07.629"></status>
</kw>
<kw name="Create Dictionary" library="BuiltIn">
<doc>Creates and returns a dictionary based on the given ``items``.</doc>
<arguments>
<arg>user_id=${token_cozinheiro}</arg>
</arguments>
<assign>
<var>&amp;{headers}</var>
</assign>
<msg timestamp="20200728 14:52:07.630" level="INFO">&amp;{headers} = { user_id=5f1744fc42f1f60016038846 }</msg>
<status status="PASS" starttime="20200728 14:52:07.630" endtime="20200728 14:52:07.630"></status>
</kw>
<kw name="Create Session" library="RequestsLibrary">
<doc>Create Session: create a HTTP session to a server</doc>
<arguments>
<arg>api</arg>
<arg>${api_url}</arg>
</arguments>
<msg timestamp="20200728 14:52:07.630" level="INFO">Creating Session using : alias=api, url=http://ninjachef-api-qaninja-io.umbler.net, headers={},                     cookies={}, auth=None, timeout=None, proxies=None, verify=False,                     debug=0 </msg>
<status status="PASS" starttime="20200728 14:52:07.630" endtime="20200728 14:52:07.631"></status>
</kw>
<kw name="Post Request" library="RequestsLibrary">
<doc>Send a POST request on the session object found using the
given `alias`</doc>
<arguments>
<arg>api</arg>
<arg>/products</arg>
<arg>files=${files}</arg>
<arg>data=${payload}</arg>
<arg>headers=${headers}</arg>
</arguments>
<assign>
<var>${resp}</var>
</assign>
<msg timestamp="20200728 14:52:08.175" level="INFO">POST Request : url=http://ninjachef-api-qaninja-io.umbler.net/products 
 path_url=/products 
 headers={'User-Agent': 'python-requests/2.23.0', 'Accept-Encoding': 'gzip, deflate', 'Accept': '*/*', 'Connection': 'keep-alive', 'user_id': '5f1744fc42f1f60016038846', 'Content-Length': '222263', 'Content-Type': 'multipart/form-data; boundary=cf29e1dd2924596c42dbe98f02a1ab9f'} 
 body=b'--cf29e1dd2924596c42dbe98f02a1ab9f\r\nContent-Disposition: form-data; name="name"\r\n\r\nCarne de Jaca Louca\r\n--cf29e1dd2924596c42dbe98f02a1ab9f\r\nContent-Disposition: form-data; name="plate"\r\n\r\nTipo\r\n--cf29e1dd2924596c42dbe98f02a1ab9f\r\nContent-Disposition: form-data; name="price"\r\n\r\n20.0\r\n--cf29e1dd2924596c42dbe98f02a1ab9f\r\nContent-Disposition: form-data; name="thumbnail"; filename="thumbnail"\r\n\r\n\xff\xd8\xff\xe0\x00\x10JFIF\x00\x01\x01\x00\x00\x01\x00\x01\x00\x00\xff\xdb\x00C\x00\x03\x02\x02\x03\x02\x02\x03\x03\x03\x03\x04\x03\x03\x04\x05\x08\x05\x05\x04\x04\x05\n\x07\x07\x06\x08\x0c\n\x0c\x0c\x0b\n\x0b\x0b\r\x0e\x12\x10\r\x0e\x11\x0e\x0b\x0b\x10\x16\x10\x11\x13\x14\x15\x15\x15\x0c\x0f\x17\x18\x16\x14\x18\x12\x14\x15\x14\xff\xdb\x00C\x01\x03\x04\x04\x05\x04\x05\t\x05\x05\t\x14\r\x0b\r\x14\x14\x14\x14\x14\x14\x14\x14\x14\x14\x14\x14\x14\x14\x14\x14\x14\x14\x14\x14\x14\x14\x14\x14\x14\x14\x14\x14\x14\x14\x14\x14\x14\x14\x14\x14\x14\x14\x14\x14\x14\x14\x14\x14\x14\x14\x14\x14\x14\x14\xff\xc2\x00\x11\x08\x02\xd4\x04\xb0\x03\x01!\x00\x02\x11\x01\x03\x11\x01\xff\xc4\x00\x1d\x00\x00\x02\x02\x03\x01\x01\x01\x00\x00\x00\x00\x00\x00\x00\x00\x00\x04\x05\x03\x06\x00\x01\x02\x07\x08\t\xff\xc4\x00\x1b\x01\x00\x02\x03\x01\x01\x01\x00\x00\x00\x00\x00\x00\x00\x00\x00\x00\x03\x04\x01\x02\x05\x00\x06\x07\xff\xda\x00\x0c\x03\x01\x00\x02\x10\x03\x10\x00\x00\x01\xf1y\xfc\xf7\xa4\xe8\x9aNe\t\xac\xad\xa0\xea\xdd\x0e\x89MO\x13$\x15\xec\x94\x82\xea1\x93\xb8\xa7\x85\xe4\xe2\x94\xc8\x90\xe3\xb4pOV~+n8\xe8\xc0I\x1de\x86lu\xb8\xf2\xde\x82\xc4Jq\x1d\xa9\xac\x9b^}\x17\xc7}+\xbeP\xd6\x88z\xb08\xc4`P\x1d\xf3\xaa\x05\xd5\xf0=\xf0Lu\xb19#\xe1j\x05\xb2\x87\x8ed\xacF\xc1\xeb\xe5v-\x1cQZ\xefp\xae\x8b\xaf\x8e$Qx\x91#h\\M2\xd4\x815\x02KQ\x87\x15\xaa+y\xb9[\x15\x8c\x80g\xc1\xddA\xf7\x97\x0f\xac\xc3f\n\x8cK\xfeh7\xc6r\xbc8\x1d\x04\xd1\x9b\xed\xcda2\x9b\x86\x90\xb3\xd3\xe9\x9aDO\xaco\xca%\x12\x9aV\x0e\x8e%\x1c&lt;{\xa5Y\x01\xab\xf4GzJ\xdaf\xe4\xea\xd1\xa6\xc88\xb9\xaf.(\xf6\xbeQ\x97\xe4*\x1d\xb2\xba\xfe\xc3\x0e}\tIW\xb4=\xa7\x13\xd7\xbb\x8e\x97\xdf]\xd0l\x95\xd46\x8e\xfb\xe9\xee\x18\xec\xdd\xa9\xadwv\x11(,l\x86^:"\x9ez~\xe90\xc5z\xf7\xddg]D\xf3\x15\xab\xd73\x1b\xdd\xa0(J&lt;\xef\xab\xce\xe0\xde\xb3d\xf0\xdfQ\x92%\xdd\x84XdhY\xe5I\xf6&gt;HQ1\x91\x02\x83Q-{n\x9a$\xf5a`\xcdl\xc8Q\xd0\x8c\xba\xfbY\\\x82eO\x14\xe7\\\xa7;\x9f%\xb5\x85\xf1\xb0\xf0\xc8y\xe0\x94\x95\xa8\x0c6\xe9\xc3\xb0\xb5\x8b\xab[\x99\x9e8\xab\xad\xd5\xef@\'\x07\xa3q\x1dZ\xa9kY\x8f\xa3!\xcchA\xa2b\xf4\x05~\x03!\x8a\xfd\x0f\xd20\xcd\x80\x91d\xcf&lt;\x94\x8dl\xbdx#\xcf\xa8j\xe1\xd4^\n4\xee\xda`\xb0S\rc\xd34c*\xaa0L\xa2\xa3\t\x99\x1c\x1a\xb5[\xdd\x81,\xfc&lt;\xe4\xacH\xcd\xd2\xa5\xd45\x87\xd0s\x08\xa7\x84\xfd\xa7=\xcfj9\x8dw\xd14\x83\xbfc\xcf\x0eM\xe3\xadR\xdcwjD9+\xd4\x04\x18C4\x0c\x80\xa3\xeaI\xed\xf3^\x8bV\xe9\xcf\x1d\x85\x96\xbd\xd4\x13\xdcrJ\xea\x1bV\x1dZ\xbb#\xa3\x99\xc6\xdf\xb3\xb0\xf0\xbfP\xdcBb!lqq\x907\xa8i|\xb8\x8c\x1c\x8a\x9d\xa5\xc5Z\xdeR\xc7\xeeSp&amp;s\x8a\x01\xc78&gt;\xdb\x86\x82l\xb4\xddHy\xb2\x90\xcaO,"\xf6&lt;P\xfc5]\x84Z\xb1d\x9d\xdd\xef:\xab\xe0b\xfcF^\x8fD\x8a\xd8\xda\xd6\x96\xec\x85\x8f\xb1\xe6\x0f\xc5\x89\xf4\x04\xb3z\xde\x00\xce\xf0S\xf7vi\x99\x96\xa9\xder\xbb\xd8h2t\x96{&amp;\xb9\x00\xbf\xfc\xff\x00/?\xf4j\x8e\xc1\x06tV\xb9\xe1(v\xc5\xc3\xc1\x8de\xc0\xd4\x04\n\xb90\xd5\x19\x93\xb5\\\xb3\xad[\x0c\x94\xb0\x9eV\xd5\xd2\xc4\xcd\xa9\xfd\xed\x12\xc9}\xc42\x18E\xecc\x8c\x95\xe3V\x19\x04\x84\xb2\xf1Ku\xb9\xeed\xee\x94X\x91\xa5 \xf8\xe2\xd1\xa8H8y0b\xe2\xf1\xce\x89^y\xb7A\xc5\xab)U\x99$\x15\xf9\x0e\xf5\x162\x8b\xae\xbarZ\x93$\x8bBU\r\xedGxo\xa8\xee*\x15\x9d\xa7s\x06\xb40]\x814"X\xaeU5\\\xca\xda\x9a-\xe2*\xd0\x19*\xcbfn\xc4 \\\xa2\x85\xae1\x82\xf5g\'\xebE\x1d\xd5\x83\r\xe69\x1e\xfe!&lt;:=)\xe1\xac\xeb\xebg6D\xba\xb7\x1d\xe3\x99oB\x10\x14\xf5N7\xda\xe2\xce\xb5}z\xb9\xe6\xd3\xa9\xb7v=\x88\x9cx\xa7\xfc\xf9\xe9\x1a\xb1z\x9eX\x96,\x04y\xf0\xde\xa4\xf1\xdf\x15\xaf=\xe6\xa9\xe8\x1e%\x0c\x07l\xd5/\xb71\xf3C\xa2\xa3\x1d\x07tY]\x0c\x0c\x04zk7\xb6\t\xf5\xf8\x95I\x90\xf5\xbc0W\xa8\xf5\xb6eGLA\xad)\x7f#\xe7\xd1\x9a\xcd\xe8\x18\xa7\xa9\xc3\x1e\xaa\x1e\xefY\xa4\x1d\xa5\xddlH\xb1^$\xb5\xb3\xba\xdb\xae"sS\x10n\xc3\x9e;\xd0k\x88\x95\x86\xa5\x1d\x0fO\x1a(\xcbH{\x9e\x9bs\x1c\xea\xbd\x08\x97\x1c{%\x08\xd8\x98\xef\xba\x93Rw\x057\x13\xda\xd8\xf8o\xa8\xe74\'\xa7\xfa\xaf\xb9\xf9E\x0f\xcfs\xfd\x05Y^\x0f\xa8.G\x01\x95\xe3$ef\xfe\x0e@l\xa5m\x83\xfa\xf7\x06\xf9\xa9J\x8e\xabWL\'\xa8=`w#\x88\xca\x0e\xc2\xfed\xa1\x97\xf0\xea\xb8\x7f\xbb\x92\xbd\xca\x93Z+\x1c\xd8X\xc4(tn\xac\x03\xb3\xa0\\\x13\xd2\\\x13\x05\xd1N\x02\xc4\xde\x97\xe3\xab\xb4\xaf\x8a\xd7\xbd\xa6\x8c\xfe\xbb\x96)\x95\xe4\x02\x9b&amp;\xf5loq\xa8\xab\xbbG^w\xa0~\xd97kU\xd7\n\x19T\xd3\x88X\xf7)\x84\x83\n\xad\xaa\x05\xbe\x98]\t\x18a\x0c9\x99\xaaM5pd\xeaBD\xf7e\\\x9epv\xb1\xec\xdbH\xb3\xc4\x9f\xab\x8ekD\x9d\x8ew\xab\xadu\xa1\xae\x1e\xbbe\xe9$\xa5\xbb\xe2\xb6\xeb]Y\x9f\xa6\x9ax\xdd(W\xd43\xad\xfeM\x9dZ\xc4&gt;\xbfB,\xbfG\xa9\x8d0\x8a\xaf\xcbG\x11\xcdx"&amp;~(n9\xb5s\xa9\x98f\xa9\xbd\x8d\xb7\x87\xfav\xb4\x13\xd9}w\xd5x%u\xc6\x97\xf2\xa0\xfc\x87\xd0G\x88\x83\x83\x86\xd0\xaf\xd5w&gt;k\xe8\xc3 [\x1dE\xcfGR$\xf6w\nK\xaf\x98\xc2c\x1a\xba\xfa\x1e\xe3\x81\xf7y\x8e\x97\x8f\xc5p\xd2"\x04\xe4\x90\xd7ito:\xc3"7H\xe3\xa2\xbb\xe8\x949K\xb2\xc5\x1d\xe0\xc22e\xaa\xde\x94\xafQ+\x9e\x86\xeb \xd7\x7f^\x8b\x9e/Q\x17\xc8\xad\xe4\xc7\xfa\x0e.\x88\xc1Eb\xf4\xd8\xab\xe9\x08\xebJ\xb6\xaaL\xdd\xca\xd8c\xd2\x06\xf3\xc3Q\x0b\x15\x02\xa3\xb0%ekh\xf2\xd5z\x06mk\x01\x03\xab^\xd2\xad&gt;-\xa3\xf2\xe2\xb0\xbe\xea\x9b\x07\xd6\xfa\xd68s\xfdV\xf2\xd1\x9b\x88\xd4GK\xd0\xfc\xd798\xb7\xa7\xa7\xa9"z,d\x9e\xc6\x98^?\xf3Xt\x886\x18~Z)\xd8\xfc\x80.S\xbb\xf6\xfa|\xea/\x1f6\xac\x8d+0\x8dp\xeb\x92\x0c\x81\x05$\xf3\x06\xe2BR(\xba\xd0\xef\xaf\xebv\x1f\x0f\xf4\xfd\xf2\x8b{l\xf2m\x95ig\xd5F\xca\xdd\x88r\x848\x1bJ\xb8\xb3o\xc8\xd8\xd9\xa7w\x02Q\xf4\t\x99\x9d\xcby8\xb4\xc9\x00\xd7\xac\\\x181]\xab\xe5\x18,\x07\x8dM\x04\xf0\xeb\xda\xe8\x96\xbb\xc3\x9e{\xa6Z\xf3e\xdc\x12\x08\xe4\xaf\xca\xbd\xa1zBr+\xcaoW\xcc\xe8\xda7%\x0b\xc4\x0e-\x07\xb7oP^\xd8\xd7\xc7#@\xea\xd7\xf2\xb4&gt;\xcd\xfd\xb4\x91Y*\xc9\x86\xfanH\xe8\xd2k\xd9Tm1\xec\xc7\xf9\x11 \n\xc3\x8a\xa5\xa8\x15|l9\xaem|\xce\xe9;\xa0\xcf\x99XX#\x84\xd6\x88R\xed\x99\xd7DC\x93j\x8b\x0f\xd4ks\xda\xe2\xd4\x8c&amp;\xb3\xfd&gt;\xa7\x81\x9e\x8am\xbd\xc8`\x9bH]zW\x8a\x05\xd9\xfes\x027\xe2\x13J\xca\xb3l\xa2U\xef%\xcf\xa2\xeb\xee.\x8b\xc5O9e\xa7\xe9\x9f\xd3\xb9\xcf\xcb\xa3\xads\xbe\x91\xf3\\q\xaa\xf3\xed\r\x0ev\xf9y\xe3\xa3\xb3*oG\xb9x\xbf\xa5J&gt;s\xc3\xf1\xc4$\x17(0\xbcH\xa20VD\xeaKA}\t\xd8\x883\xf4\xbd\xfb\x8c\xa1\xe2\x02\xd6&gt;\xe8A 5c\xe0\xa1\xcf@\x0f\x93`%&lt;z\xb4b\x85P\xe8\xf0\xc25\xd6\x00\x17-3\x9d\xf7wrH\\\xd4:5p5\xc6y\x9a\xb5\xc0|\xb5\xbc\xa3\xd0t\xcd^\xa95q\xb5\xa2\xee\xec@\x17\xba\xac\xf1\x99\xebY2o\x10\x83\xd4\x16&amp;=\r\xd0/\x1e\x99\x1e\x00\x12\xd6\xb6j\xaa\x1d]&amp;6\x14\xe8\xc5\xd62\xa3*\x81\xa4\x8bT\x9cDN\x87\x83\x13\xbc\x88\xeb\x9e\xe9M\x17"\x85\xe6\xdaX3\xabXr\xf9.Qy\xcfQ\xd4W\xe1\xa1(c\x8d\x84}\x16o)\x97T\x9fs\xd2\x0e5\xaf7}&lt;\xf1\xc2\xb3\x15\x8b\xe7\x9b\xba\xc8Pd\x15\x9bj\xf5\x1a\xf1p\xfe\x89\xaf5\xa9q\xdd\xeb\xdeo;\xce\x19z\x96\xfd\xc2\xd9\x8d\x8dDR\xa1=&lt;\x02r\x9f\x9f\x1d\xd7]\x1f\xa1f^\xba\xddw[^}/\xc9}\x00\x85Y\xbaPB&amp;\xe2\x84\xd6\x88s\x8cQZ\\X\x1bLQZP\x82\x86\x1d\xecv\x9a{\x06(\xaf@\xc5\xbd\x84\xd31\xadH\xf8\xbc)\xe3\xd3\x15\x7f(\xd05\xe2\xa6&gt;\x9cE\xc1y\xcd:\xc7S\xde\xbbo\xdd\xe4\nZ\xa4\xd5F\xf5\xd8\x90\xe0/dD\x88[_\xb3\xab\xe4}n\xb2\xc6\x10\xf4\xef\xd4\x1f\xa7\xf9\xc6@(\xc6\xfafG\xee\x02\xa2F[\xbe2\xf3j\xcbZ\x81\xa4\x03t\x81coo\xb8\x86~\xc3\x8c\x8d\x96\xa1\xe7\xe82\xb6\xa5h\x9a\x16\x1b\x96zf`\xe8\x03\xb4\xd8\xd8\xabZ=gm\xae\x8f-\xd4\xd9\xcd{\xa4&gt;k\xd3\x0b\x8c\x0b\xb9\xa3\xa2\x9f\x96\xbd\x19\xe5\xf0\xeaqmz^tF\xa4\x92jC\x03\x01\x85\x8618\x8b\xc3\xa0\x987\xe2\xdb\x1e1H\xb0}\x1d\xcd\xf9ZkC\x9e}Q\xe7-\xe5\xc1A\xea`\x8f\xdaMbF-? \x0f\xdchK\x97\x9e\xf5\xddg\xf5\xff\x003\xed\x8aO\x97\xb2\x14+\xb9\x1cE\x98\x87=\x02\x1d\xc5G\x1d\x95\x03\x89\xa5f\x96\x83\xdf1\x12\x17Z\x8e-\xea0\xccV\r19\xbe\x16\xed\x89x\xc4\xc8\xd9\xf3x\xd4\x90\x1cv\xe5\xd07v\xf5[\x10y]g\xd0\x86\xf3\xdc:wD\x8e]+K\xcd\x06L\x11[3\x9c\x9e\xf3\x9fW=\x9d!\xc2Ep:w\xb9$Nh%o\xd9\xfa%l\xc3\xa8\xe9\x1b,5i\xdb\xa8@h\xbb\xce\x14\xdb&amp;\x94"@\x83\xd3M\xf3c\x93\x95i\xcc\xbd\x1c\xc7\xd2C\x80\xcf*\'\xb8\x0c\x92\x9a\x9d\xbctY\xb4\xc6Y\xfb\xae\xd0y\x7fF\x0c\xcc-9t\xbf\x1c\xcd\x1aZ\xf0qk\x84j\xeb[\xed\x1a\x92\xeas\xae["\x80$y\x0b\xd0\xca\xf0\xd4\x95=\xfa\xdb_\x05X\xfa7\xb6\x8a\x9f\x8e$\ri!H\xccE\xe3\x02l\x8e\xc2\x9d|\xcb\x1d\x0fG\xcfQ\xfb\x1d^\xa6f\xf2\xf3Y\'\xd8\xb1=K%X\xde\x88\x08\x17o\x98\x8b^\x055\x02\x81\xd5\xc6\x85\x85\xc4\x81\xa5:\x9e\x05/a\x9e\xf8\xea\x889\xe9\x00\xcc\xd6&gt;K:\x96W`\xfb7\xc5F\xc1l:}/\xd2\x17\x9e\x9e4\x16At(\xa2\x9apC\xde\x80\xf3\xb6\x15K\xc1TC\xf4\x02\xe8c\xfa\x1f\x87\x07\x9dmq\xd7Ols\x8a\x11E\xc9\xaf|\xb7y\xe5\xfc\xb4\x8d:\xfa\xb4~NDH\xd2\xf4\xbdzC\xf21,|ui\x14Z\x06\xe8\xe1\x8b\xa1kHlT\xbf\xa5\xb6\xf2\x8a\xbdEJ\xe1\xbd\x038\x82m}(\xaa\x9e\xc9R\xd7}\x1b+s@\x99g\xee\xf7\xc9&gt;r\xf0\x83\xae\x9a\xe2Y\xa0\'\xc4K\x8a\xa9a\xf5OV\xd3&gt;w\xcb\x9dT\xb2EH\xf3\x1a\xaf\xcfn\x06\x86\xb4v\x8e\xa3\x003\xe4)t\xd6\x05Q.\xf9Em\xd5\x8dN\xab8\xbcR\x9ai+\xd0\x94#\x155~\xdd/\xa6\x7f\xcf\xeb\xed:&lt;QmzFv\xcd\xa8O?\xeb\xc4\x15v\xb9\x8e\xe2\x88&amp;F\x08\x8f\x04(\xdb_7+\xef\xb8\x1f\x10\xda#\xe4\x95\x8e2R\x08\x8f^9%rXT\xe9U\xf1FYs\xf3\xbc\xe6\xab\xea\x0f4G\xe9n\t\xda\xbc\xad\x8ar}\xcf\xf4\xc5\xa3$\xfe{W\xa5}\x8e6\xac\x85=\xef\xf4\x9f\x8b\xc5h\x94A\x8a\xb3\xf4;Q\xf3\xe2#\x07\x9d\x13\xbd\x1e\xe3\xe6\x93\xf1\xf8v\xc9\xec\x19\xe3\x12\xe5a\x81@\xcfN\xe0\xef\xe9\x7fX\x1b\xc7\x8a\xb3@\xf4\x86Oc\xd3\xbf\xa9R\xfc\xd8h\xe0z\xb7=2\xdd\xe5\xc0\xd2\xae\x08\x95\x8d\xeb]\xb756\x98\xd5\n?\x9e\xb5\x99\x07[\xad\xe6Ge\x9f\xbb\xe9\xae~l:\xf5\x8e\xab\xa5HJ\xefT\x8e\x98\xaf\r\x9f\xe93\xe8\x80\xfb&amp;\x85\xa6\xe7z3\xa7T\xcb\x91\xf9\xe4\x93\x92\x14\xdc[^K\xcf$\xc7\x1a\x18]^\xcf`7\xa7\x96\xb3J\xec\x8c\xdc\xe4S\x932\xb3\x1e\xa8\x06e2\xdb\x06\xcb\x8fk\xf4\x0c\xe9.\xdd\xfc\xc3\xc9\xc0\xdc\x93ci\xdf{\xc5\xf7\x90\x0c\xa3pqp\x0c\x0bC\x0c\x07\xea\xbcg\xd6\xe7D_7\xc3\x8f\x8b\xc7=LdsH\xb0\x82\x8f\x9b\x0bZ\xba&lt;\x95_\x19\xdfC\xad`}r\x13\xcdF\xf7\xd03\x99\xaeY\x8b\xd6\x0fJ\xb9o\xb6\x8e\xa7#R\xe4a p\xc0S\x87-\'\n\xd1Y\xb6VT|gq\xf9\xee\xdc\r\xea\xc7\x84\xbf\x91^]\x9fF\x17\xc5g\xc6\x99\xd0\xd2\x82\xf4\xceC\xec\xd9\xd7\xe9\x1e*"\xb3v\xb1:\xbb\xb5k\xea\x92\x93\xcd\xb4n\xb5\x96\xa9b\x87\xa5\xea\x90r\xab\xf9\xc7\xee\x12\xe5)\'\xcb.3[\xcd\xa7u\x9d\xd9g\xee\xf7[g\xcf\x14\xae\x82z\xfa\x92\xc3\x90\x0f:\xce\xabk\xe1\x86MEgn\xf5m\x13Yj\xf7\xf6x\xc0;l\xe2\x8f&lt;\x18\xd9\xefd$n\xaa\xd5o\x1b_\x94\xea\xdf\xd9\xbf\xee\xbaB!\x91\xdab\xaf\xa6[\xc3qW\xd1J9\x9d\x18\x96\xd00_\xa2\x99\xabD^\xbf\x80\xa9d\xd8\x05\x1e\x19\x95\xa7\xea\xfd\x1bc\xaf\xa40\xd5\x10`\xbc0U\xe8\xd4\x18_[\x8e\x08\xb6nk\xc6M3&amp;3\x9e\xa4\xb1\xf2\xf1e\x87\x00Lc\x8f\x8cy\xd6PR\xc7\xb6-\xac-\x17\xef`\xf6Z\x98\x06\xb3\x11d\xf5z\x8f\x90\x96\xfd\\\xc7\xd7\x0f\xb3\xc1}\x02\xc3\xd6/\x081\xb9\xa5\xa5\xa8Z\xbf;v\x1a+\x19U\xfc\xd3\xd6:\\\x0f\xe5\x92[Y\xd7\xe5\x80\xec^\x1fMN"W\x9e\x98H\xf5\xc8\xa7\x9d]!\xfd\x05:zj/2\xa7\x95)\xf5\xac\xc7\x13G\xde\xa6{$t\xf7\xcf@\xf3y\xb0|\xc4\xd3H9\xdag\x9eml\xb3\xcc\xfb\xdb\x7f\x9f#\xe7&gt;\xb4\xf7\x15\xc5\x89D\x7f\x9cK\xbcz7Z.\x7f\xa7D&amp;d\xc8C^\x8eR\xaf\xbes\x06p\xa3:\xb9\xe9S\x8f\xd3(\x89E\xc6z?8\xe9\x8e\xae\xfe\x83\xbdN\xe1Ek\xaaA\xe6-\xdeG\xa1\xe5\xbd\x08\x05\xb9\x07\xb1\xe8\x1f\xceAH\xb7#\xfdL\xab\x03\x02\x9b\x9b\xcc\xb1]\xe3\x7f\xd9\xb3\x88\x1a\xcb\x97\xd7Ab\xf7\xa8\xad~\xa8\x86\x8d\xa5x\xe6\xebfM9\xcb\xd3Y\x14\xdf\xab\xae\x1fu\xc4r\x90ISyfkg\xd9\xec\xba\x19v\x06\xfd\xc6\xcf5\x94\xa8\x92\xe5\xac\xf1\xcd/\xc5IQx\xedo\xc9y\xf2&gt;\x9a\xd9\xd33[\x9a\x91MY\xd6\x88"\xa3%u\x94\xb6s=\xa8\xa6 \x06\xb0\xacZUbL\xc1\xd7\xab\x16\xea\xc2\x13B\xbfLR\x95\xa5\\\x9aD[\xac\xeaF\x18\xb1\xcf\x9a\xbf\xb1\x87\xe6\x97\xaa\xf9\xae\xe5\xc6\x87a\x9c\xdc\xdaM\xd0wou\xc0K\xc4E!X\xac\xbc\xd3\xc6\xdcoVy\xb7\xd1\xcb&gt;|\x80&gt;\x8e\xdc\x97Xd\x95\xbbvq\xe7I\x8f\xae+\x9d?\xa0\r\xd8\x19\x80e\x9abQ\xe3qr\xe5N\xf2\xbbV&amp;CR\xa6\x8c\x06\x07=\x9b]\n\x89\x00D@\xeb\xac%v\xd8-\x007\x8dl\xf5\xa0\xde\xa8\xae\x9f\xcd\x19&amp;7\xec\xd8*\x9bb\xc3P\x1ea\xfa\xd4\xb8 U\xdd\\\xad\xff\x00^\xa9n\x9d\x97\t\xa4\x18\xa3:|\xf3ey\xd5\x84\xc3\x81@m\n\x0fD\xfa\x9f5#\xba\x8c\xfeT\xa4\xc0\x84\x16H\x93\xd3coW\xa4\xbdD\xcamg\xb8\xab1B2q\xe6\x89-\xe4;\xf2\x98!{F\xb3~\x9f\x1f\xa4\xd9]@@T\x86\xca\xa1\xee\xfa\xdc\xd2\xc1\x02]\xf7K\x17\x1b@\xe4n\x90\xe6\x9aoS\xda\xe2:%\xf5\x94k\x15\x8a\xc5M\x10\xd6(\xcePOV\x07\x17\xe5\xe1\xaf\xb2\x85\x9a.|\xf1\x8aW\xc7\xf4\x17\x863_\xae\xfa\x19z^8Q\xed{@Y\xba\x88\xa3m\x88\xac\xe77\xd4\xc2x4J\xc2\xcdx\x1a\x12\xff\x00\x13&amp;\xa3\xab\xc5\xfa\x17FS\xd5\x9ea\xa6h+C\n\xeas\x1d*\x06\xdc\xee\xfb\xb5\x82U\x9c\xc7S\xd7\x0e\x17\x04\xd3\xe6\x00`\x07/f/\x0c\xd8nI_6\x7fJ\xdd\x19\x9evBs\xe8\xcd\xa8\xab\x81\xdcvA\xaf\x92\xb5\xf3\xf7\x96\x04\xea\xd2\xb0g\xd5S7\xbd\xe0\xa1j\xe9\t\x03\x8b\xc7\xc1\x91\xe3\x9b\xaaO\xac\xa5_q\xae\xf9\xf8}e\xf6\x1eq\x99\x18\xc6\xcd\xcf\x00\xa3\x13D~FB\xdb\xfal\x89f\xd2H\xee\xcbH\xf0W\x92\t\xaf\x1du\x82\xa4&amp;\xb7\x93,\xf2\x98\xf0\xbd&lt;{\x12=\xcdt\xde"\x9e|\x87\xae\xaf\xa7{v\xde\xcf26\xf6\xa3\x8e\xe7\xbbD\xf1\x96\x8a\xe2\x19\n \xe1\x8f:\xbc\xf3\xdd\xac\x89\xe68\xe0\x10\x8f\xabi\xb2iG\xf27{\xd0H\xcb\x1bN\xd0\x05=f\xb1\x05^\xf8y\x94\xa31\xb2V\xb0?\xcf\xad5\x03\xb7\xd2\x17\xc8\x15\x8d\xf6&gt;\xc3\x07\xcc)\xe5\xf7|\xaa\xd2}@\xe6*\xbf\x0f\xd6dK\xe8\x83(\x1e\xf9\xcdh[\x14o\xe7s\xd2\x86\x1d8\x8dj\x0bA!v\xb3H\xeb53\x07A\xcf\x88\xb8l\xb5\x16\x18\x1dv\x00\xbb/\x95hf~]\xf1\xce\xfch\x0bp7\x16\x14\x15t\x8dV\xb1\xc9^}\x985f)u\n[lo#\xf5\x9e\xe0Xt4\xa2\xe0\xaai\xc5\xf3\xef\xbe\x8bl\xeb\xfd\x83\x0e\x11\x0f\xe7t\xed\xdd\xfb\xaf//9nh`\x11@^wT8\xfa\xcf&amp;\xdf\xcc!\xf6\xba\x13\xefM&gt;5I\x8bU\xb7&lt;Oy\x87\x8b\xf9\xdc\xa2\x89\xc5R(IO\xa1P\xfamO\x0c\xac\xe7d\x9a\xd5h\xdf\xa5\xb3\xa1\xee=zMI9\xb7f\xfb\xb3\x99\x81\x96\x08\xa2\x932k\x03\x83\x9e/N"\x89\x8f\x9e\x9euX\xe7\x81\xf0u\xbe\xb7\x9e\xd1k\x1c\x91\xe7):\xd5\xb9B\xbd1\xaa\x17M^lC\x87\xd7&lt;\xa00\xa4\xaej\xfdC~\xd2\xb6n\xdf\\u\x8b\xd5\xa6y\xf5\x99\x1c\x1f\xce\\+\xbbtb\xd7\xb5\xcf9U\xeb\x0bY\xbe\x01\xc6\x86TX\nb\x86\xe4\x13YJR\xa9\xb5[&amp;\rl(\xa8\xf6\r8T\xa0a_\xa2\xba\x8d\x99k\xbetnsql\xd1\xe8d\xc1\xd5E\\f\xba\x82\xd5\xd5\xa3\xda\x9aE%\xa8#\x89b+%i4\xde\x91\xe9}\x1f\x93\xefOV\xcf\xe9r\x8f\xa7\xdc\x8f\x88^\x00r$\xf2\xfa\xc8\x0e\xc8\xd4\xb6I\xec\xbc\xde\xe2P\x83\xad\xc6x\x13D\xc0\xdc:\x02z-\x19\xd8=\x06L}&lt;\xb7\x1cR\xd1\xc3K\xc7\x08\xae\x9f\xc5\xf2Q\xaf\xc9\x85\x9d #Z\x1a^\xe4\xd8\xc0\x14\xd9WE\xd8\xdd&amp;\xfe\xfd\x9e\xabg\xbc\x98\xcdt\xc9\x1f@\xa2\x08\xa2\x0bK\xcc\xcc\xc2&amp;C\x86M\xccs\xcc\xc4qV\xd1G\x13\xcf5\xedG\x1c\xba\xae\xac\xd4+\xd8\xd0\xb4\x05`\x1a\xeb\xab!u\xa6\x0b\xc3|~CYh\x8bTi\xd3vk\xd3\xe9\xa2\xbc\xd1R\n\xa4W\x16\xc7\xa1T\xca\x9a\xbe\x82\xcc\xde\xb6u\xd2\x1eC\x0b#\xabK_\xbeC\x12\xdc42\xdb\x80\\\xa5\x88\xd6\xdcT\xcc.\x94\xd5\x9c\xee\xa2 TW\x91\xd1\x13\xd5\xf5r\xd8\xc2\xdeWf\x03\x1c&gt;\x87\x8c\xaaZ\xa4U\\\x0bu\xe6A\xac\xafE3\x94\x9d\xc1\xae6;\xab\xbd\xc6\xa7i\xb0\xfd&gt;\xfa\xc3vaq\xca\xc4\x9d\xbc\xce9\xcdd4&gt;Ch+\x0c\x95\xff\x00~\x9f\xcf\xc2:\x87\\\xb7\xcd\xea\x93&gt;\xb88h\xf2\xa3\xb1qv\xdd\xee\xe5\xeb\x8e\xe8\xb7I\x1cP\x9b\x99\xa6)~\x07\xe73\xe1?9&amp;\xcb\x00.jo\xd0\xa8\xd8 \xb2\x96\x19\xfa\xe5O\xeas\xfam\x89\xf8\xac\xf5\xbbq1Xp\xc7R+\x11sC\xa8\xe6F8\xb6\xfb\xbd%\x96\xd1/S\x19\x1c\xf4P\xd6b\x8e;\x8e)&lt;\x0bY\xaf\xd2\xf3\xfa\x97Q\xce\xadg\x9d@p\xb5\x9a\x1c\x17J\x92\xdc\x9e\xed\x02\x0f\xb03\xf0\xf6D\x14^i\xcb\xef\x06\xc5\x1f\xbb\xb5cs\x9d\xf0W\xa3KGQ+\xa3\x1b\x16\xd2_t\xb2-\xe1.h\xeb\xc6\xe2M\x0bY\xd3\x06\xb3\x07R#\x8c2N\xcdq\xda\xc7\x98\xbbd\x98\xb5\x7f?\x18\x01\x1aKc\x18SR\xd3Yz`I\x05S\x81s\x1c\xa3OS\xd6M\xf5\xee\xbf=\xeb\xf4\x0e&amp;\x90`\xf9\xed^\x1b:\x130\xcb\xa0\x1b\xcb\xec8{\xe9r;\xd3\xca\x0e\xb7!\xd5\x81\xf9\xadg:\xf5y\xa6J\xc2\xe5\xb8\xdb\xcd\xeb\x1dZ-\xf4s\x14Lp\x88\x9a\xce\xef\x1e\xf2\x7f+\x9d\xd4\xab\xa6Da\xa5\xe2\x80\xfb\xab7a\xab \xe0b\xe92}\x00\xd7\xd3\xec\xcb)o&gt;\xafB2k\xa8\xbaW\xa9T\xf1q\x16\xd9\x8c\r\x8e\xce\xbeo\xbbrZ%\x9abN\xa68\x8b\xba\x08"b\xe2\xb3\xcf=\xc2\xd4\x96\x9f,\xf2ZR\xb4sKY\x17\xa2Z\x99\x1a\xb1\xd5\x9cc\xf7\x04\x7f5\xb4q8\xcf\x07\x17\xe8bD&amp;\xed\xee\xe9\xaf\xdc0 S\x81\xd8\x85\xe3\xb9\xb7ic\xf9\xafk\xb9|\xe9Td\x1eyQ6y\xd6\xdd\xceR\x87;Z\x1eDm8:w7\xba^\x1dR\x8c\xd5F]Z\xae\xb9\xbf\xe7+\t\xf2h8\x0c\x84\xd9\xa9x\x9b\xd6\xc7\xde}Em\xe5z#\xf7\xd2l\x8e\x93\xcc\xeb\xad\x8b#Kp\xd0\xb60\x99Uk\xc5\x08\xfb\xaf[\x85\x1c "\xf5\xfeoP\x03\xd3jR\xbd6ar&lt;\xa3\xb97\xf2\xbb\xe4\x95\xe6:O=L\xc7\x04w\x1c\n\xff\x00&gt;W|\xba\x17,?\x13M\x00\xbd\x9a\xa0\xe6\x9f\x99\xda\x13F\x98-\x92\xb1\xb5V\xbe\xc8\xd3\xd5\xefK)\xe6YoN\xf8\x98\xe7\xba\xdd8*\x1e8\xe7\xba\x88\x90\xe0\xb6\x95\xcc\xb5ss\x1b\xdc\xf7rLO,\xf7\\\xccB5f\x08\xe2x\xe6\xb1\xa54\x9f4\xf2\x11\xc5\x1dc\x15\x1b\xa3W-1\x1e\xf5\x0f\xcaah\x1a\x1a\xda\xb69\xee\nB\rH\\\xae\xf8\xcb\xa2\xc1DI\x92r\x81\xd5\xf1\x8c\xea\r@E.\xfc\x1e\xee%\xddT\x7fR\xc3\xc3\x89\xd6\xea\xc0\xd3\xeaJI\x91F7\xa5\xf2\xc7\x87\x85"\xb6\x1a\x1b\x8b\x90\r\x97\x9c\xa1X\x138\x12\x8a\xbf[\xfd/l\x96.\xfd\x14v`M\x91\xe5\xb6\xa9V\x1e\xaa\xd8\x10r\x18\xd1p\xbd\xad\xcf\xac&gt;\xbb\x03\x88\x1b\x0cAe\xb4\n\xef1\xab\xd3=\x11\xe3\r\xcc\xfd\xd8\xb5\xf3\xfb\xde\xc2\x1dd\xc4&lt;\x8e\xddh\x83\xd41huK\xc7\x00+\xb1\xe6\xd8\x81[8\x1e\xd7A{\x90\xd0i\xb9\xc2R\xeb=/^\x9f\xd5\xe9\xc9\x84\x89wj\xf1\'L\x0b\xd7(P\x00\xda\xe2\xd1\xccV\x83\x1d2\x0ep\x83\xdetgV\xed\xe7F\xfb\x9e\x96kD\xd9\xdd\x1c\x1d\x03\x8fY\x8fU\x9e\x06\x8e\xa6x\xedm\xe7\xb5\x1b\n+[5\xf5]\xfc\xe0d\xdb\x9f\xf4N\xe2?\xaf\xae\xe6G\xa0\xaf\xc7#\x06\x02\xb1\xdfq$u+Z/G\xce\xaeP\x96\xb3\xd7uw\x90\x97iY\xf6\x13\xdc(\x14Uz\xe3\xddg-\xbe\xd6\xf1q\x0fl\xe5\x8c\xd8!+\x9aQ\x08)^.\xabV\x1cV\xae=o\xd4\xd2\xc7\x9bs\xae\xa2M\xd6c\x91\xaf\xcaq`\xb8\xfac\x87\xc4^N&amp;\x89\x16\x1d4\x1d\xef\xd3\xe1j\x01\xddz\xef;\xa8\x08\x98\x1a\x8e\xa5\xf5\x993\x12\xda\xcc\x9az\x0c\xad\xf0\xd8%\xe6\xd5\xe3#\xb3v\xacQ\xc5\xb5\xb8\x8c\xd4\xf41\x8e\xf0\x0e"\x1ac\x02\x0c\x98\x88\x07\xa4\xf6\x95y\xb3c\xb5\xdc=\xdd\xef\xbb\x88\xa2\xcb\x83U\x81\xf5Kj)\x88\xf8\xee\xe1\xafX\x9e\xeaI\xa4`\x19\x87_yjos\x19\xd4\xf4\x92\xda\xb3w5\xd43\xc2\x8f[C\xc5{\x98\xbak\xbe)Kx\xe3#\x07\xd8M\xf1\xa5\xbd2w\xd3\xa6Y\x9b\xeaVH\xae\x99P\x1c\x15d\x90\xdeO6x\xd1Z\xb26E\x05jWv\xf6I:p\xc2\x18\xc4\xed\xf16\x96Z\xc8\x13`\xd9\x0f\xe7d\r\x0f\x193\x12\xa5\xcc\xdb|\xad\x12\xd2&lt;h\x99U\xdd\xaa\xdf\xddlV\xc3\x9b\xfd\xac\xb4LZLG\x1eS\x80\x07\x8e\xf8a\xaa\xe2\xfa\xd2/\xf1`\x01\xae\x8d\xfdo\x98\xee7\x16\x1c&lt;\xc7\x16\x03\xe75\x96\x9d\x9e\xdb]\xfb\x0cROmw{\xf4\x98\xddk\xa3\xa8\xbau\xa8\x898\xb4q\xa9\xed\xc7\x1d\xadt\xf3\x08\xef\xd4\xe4\xa7&lt;\xd6u%\xe9\x0eV\xd3sh\xea\n\xda&lt;\xe9\xe7q\xc3B\x02\x8a0\xc8&gt;\x84N\xf8-8\xe2z\x11\x84J\xf7~w\xd1\x9e\xd4\xe0l\xc3S,\x8e\x9fC:(\xf7\xbb\xd3{(\xfa\x9a\xf4\x9f\xa9\xec\x8f\xaa0\xb1hc\xac\xf3\x17r/8\x0c\xd5\xbd\x87\xcf\xeaD\xa0&gt;\xb0y\x11\xd6\x90\x8av-=\xe2\xabKUk\x9fu\xa3\x8c\xfbkU\x91\x962\xb1\xf6k\xd6T\xebET\xfe~\xc8\xb4\xc8u:yF\xb2\xd4\xca\x02\xb9\x9d\xe5\xc0{\\\xf2\xd5i\xda:qd\x80\x175\xab\xdf\xb7\xaafm\xc793\x92\x8a\xc5\xc1\x8c\xf8\xe2d\xba\x1cy\xee\x88\xa4lU\x8eOB\xd5n\xdf\xc0\x9d[\x8a\xb1\xe6\xd4^\xb3\x0fL\x15\xb8:cY\x9c\x1c\xb2z\x0c\xb9g\xbd,\xfb\xf5x:\xdc\xf70\x8e\xf9\xd7F\xe0\xee\xe7\xae\x9eu1\xd6\xc9A\xe6\xac\xef/\x1csY\xce\xa6#\xce\xed\xeb\xa61W6\xf2\xd1\x10\xf4\xb40\x80\xb1k\xad\x04A\xbcD\xda\xb89\xe9\xc7\x15\x9a\xa5\x7f\'\xd0\x0c\xd0&amp;lb\xf2\xdd\xe3\xa80\x9bS3r\x18\x1dtQ\xf7\xd3 \x90\x82\x0f\xae\xa6\xb9\x1c\xc0\xc2\xd6\xd0qY\xe3\xae\x8f\x023\xc7{a\xd8\x0f\xd01a1\'c\x83\x04\xb8U\xf3\x1au\xbb-\x04\xc4t$P\xc6\xebS\xb4\xf3\xd4\x83\x0c\xb7\x17?9\x7fFc\xb2\xf3\xb1\x0c\x8e|\xb1\xa2\xef\xa0j\\\xf5i\xd7U\xc0\x92h5n};\xd9\xed\xbaW\xf4)\xbdDs\xabvn\xbcL\xc8\xb5\x048\xae\x80\x0e6\x94p\x8c\xe9\x10\xa4\xfd\x92\xc5\xb7\x9c\xfe}\x9cI\xc0\xbdA\x87\x17Ex\xf9\x8f\xa4_\x87\xa6\xce\xc1\xbf\x9b\xb9u\x12\x8d\x84U\xf4\xfe\xb3\x0b\xad\xda\xbc\xf3\xdd\x1e\x85x\xbb\xac\xee+\xc7qLw\xd1(&lt;"&amp;\x1307\x15\xb9\x1c\x10|q[q\xc0\x880\xe2.\xb2b\x1c\xa5\xa2\xe6\x96\x8e(\x9c\xe3\xbaM\x96\x9cG=\x17\x11\xd4Z\xaeV\xfb\x9d\xdc\x9a:\xbc\xe3kq\xcc\xec&amp;L]D\xde\xdcK\xae\xce\x19\'ey6`\xf7\xd5\xab\xb8\xe6\x05\x12\xb6\x87\xba\xf7\xcd\r|w\xd0 /\x9fs"\xcc\xcd(l\xdb\xb6\xf3\xc4R-\x18\x82]\x86\x12#\n\x02\xbb\xae\x9f?\x9c\xb2\xa7b\\\xab\x99\x9f-_dw\xd0\x13\xac|\xb9)\xac\xe5\x9a[\xea\xdd\xd3\x19*\x93\xdc\x9b\xd58|\xb2\xfb\x0e\xa1n\xd3\xfa\x9bkG\xeer-,\xe1\xbe\xf8\xc6|`\xf2\x1c\x0cd\x1f\x86\xbc\xa3\x91[\xdf\x0b\xa3\xf7p\xf4c+\xf0\xbe\x96R/\x9d\xd7e\x0b"\xa2\xad\xf2\x9e\x86\xe8_\xa7\xc4\x97l\x87\x9b~\x82]ke\x0e\xf7zj:\xf0\xb3\x08\x93rq\xc7\x94\x98\xc7\xeb\x11\xab\xd05\xe9\xb3$\x96\xacr\xda$\x1a{%\x98\x1c0\x94e\xca2F^\xbb\xe2c\x9dRz\xc3S&amp;%8\x1f\xa6\x1c\xac\xcb\xc1+Q\xa8g\xec\xe1\x01iTT\xbbsi\x19\xdcs&amp;\xb4\xe3_\x11f\x85\xe9f\xf7#*\xcd\xd3KK)\x85\xdfE\x16C\xdc$U\xef\x90\xec^7\xdf3\x0c\rF\xd5Z\xcb\xda\x9b\xa77q(\x92\r\xaeUC\x80\x1b=\x0cPSl\x87Ex\x12\x8b\xba\xa2\xdf&amp;\xe6\xeeOR\x8d\xd2\x03\x91Q0+\xde\x84e\x8a\x14\xe9\xd2\xdd\xe6\xb5P\xefQ\x8f\\\xf4o`N\xb4\xff\x00k]\xddwY\x9b2\x1d\x8f\x94\x19^6C\xf0\x02\x07+\xe6\xa4\xdd\x99\xef\xa8\xc0$VS(\x86\x84\x12\xbc\xe6\xc2\xdek\xe7\xc6\xea\xdei\'\x94\xf4V\xd9}\x16?p\x06\xdd\xde6\xf2\xf3{9\xdd\xe8\x95\x1fC\xbcR\xd6\xd2\xc4A\xc1\xc0K\xdcV\x8eA\x11 \xe4\x04\x99tK\x89\x1d](H:\xe2gTW\x02\x8c\x8b\xc8\t\xc4\x1d3a\x07\xae\xe3\xa6\xd3\x03\xeb\x8bG|\xda\x03\xe4W\xe28\xb2\xdabZ\xa7\x08\x93\xe9G%\x0e:\xb7k\xc1\xc5X\xb3\x8eX\x0e\x0b6w`\xbai\xa5\x98T\xba9\xfdtP\xcd#\x01\x93w\x1f1w|;a\xf2~\x99\xf6\xb3\xf5\x16\x8f&gt;y\x8c\xea{i\x8b\x13\x9c\x87\x06\x90\x9b\x9e\xa1\x0e\xb2\xa7\xf6\xab=X$0z\x05&lt;\x9b?=\x17\x82\x81\xd2:\x1c\xecf\xb5e\xb2\xea\xe5@\x99\xa7\xd2^\xa4\xf1\'\xeb\xfe\xd5\xea\xcfbi\xe8{Z\x9e\xd7}\xdd\x12\x91\xf9\x8b%\xde\x03I\x80\xc4\xca\xd1X\x97/J\xc5d\xdf\xc8a&gt;\xe6@\x05\x00\x86\x04\xd0U\x83\x89\xa47K2nh)\xe7o\xb0v\x9b\xebc3i\xf2\xdc/\xd0\xbd6/]m\xe5\xefV\xe1\xe2\x1d\xe7\x8a\xd1\'\x1d\x1c\xf3\x12&lt;\xc3\xbe\x81\xb4\x82Z\xe4\x00e\xcc\xdf\x87\x95]\x02m\x12s\x01\xaf\xf4\x9b\x11l\xd5\x10\x04\x99\x98\x93\x08\xa9\x9c\x00\x10&amp;\xc4\xd3\xb0\x0c\xea\xd1\xa0\xfb\xb8\x1e\x84\x83\xce\xd5\xd0\n&lt;\xbd\xa2"\xb2\xdbz\xcd\x14\xa8\x82\x9cDU\xbc\xc1\xb2\xf2\xa96yJ\r\xf2j\xd9\xad:\x193\xc9\xa1\x9f&lt;\xac\xab\xb9\tO\x85@\xf3\x8c\xd9/\xd8\x0f)\x02\xb9`Z\xed\xbe\xaa\xd2\r\xc0Tt\x1e\xf6\xad\xd7\x90\xe9\xe7)b]\x95\x92\xd8~\xb5v\x0f\x84\xabT3r"\xc1\x11\x93\x15\x1a\xd6\xcd\x94olEkM\xd5M\xb4\x8f{\x13\x0fd]a\xfb\x9d\xf4w\xa1\xdc\xde2\x1d\x1c\\\xc6\xc5\x1f5\xe0\x97e\xe8\xab\xb6\x1e\x1f\x97\xea\xbc\xe7k\xe2\x0b-\xa0\x86\xb1\x16W\x8d\x89\xa4?c;\x1e\xf5\x90\xa6&lt;\xc9\xd3\x9eM$\xa1\xaa\xe2\xe8Y\xef\xbe\xcf\xcegZ\x99\xfb\xe3\xa7\x8dV\xd9\xabG:\x8e\xe2\x01\xdf%\x9e\x0en\x95c*q\xa6\tM3A%\x1c\xaelT\x12\xf0L[\x91IQqSBT\xf1\x1d\xb8\xb8\x90*n\x8c-A\xddm\'D\xa6\x83\xee\xe3\xcf\x02\xe5h\xf55K\xe1K8\n\xe2\x9f\xa6a`\xa0)\x9d\x8c\xdc\xc9N\x9a\x06\x01a\x98\xb0M\xd6\x80\xb0\x17\xab\x89$\xcd\xab4\xad\xab\xf2\r\x1b\xcc\x8f\xd6K\xf3}R\xb349V\x06\xc2\xfa\x81_\x06\xa7\x9f&amp;\xd9\xd8\x9ek\x0c\xa8\xe3\xa29\xc52\xf7\xf56\xd7\xc8[F\xcf\x98\xb8V\xc0\xb23oa\xd8\xc7mV\xadT\xf03]\xfd\x97\xd1?\xde\xb5{Z\x9e\xeb\xa8\xec3=\xae\x04\xcap\x11\xb1t\x06\x1d\x07T\xaeM\xfb]\x8b\xd3`\x9d\xd6\xceX2"v\x02\xe9\xa8\xb5~\x16\x98\x10\xe5\xbe+\x18\xb9\x91i\xa4\xac\xa4\xdc\x97\x1c]m?\xcf\xeaz%\xbb\xdd\xf9\x8e\xa6\xd1C\x98"\xfdwjp\x00K\xd9\x96\xa8\xc1\x8e\xfdO&lt;+\x0b\xd1je\x98\x9d\x81G\x04=\xdbP"t\xb5sf\xa9n\xa2-y2\xf1\xc0\xbd\xc4G5\xce\xaba\t\x89\xdc\x87\x08C\xac\xc4\xdc\x92\xb2Pht\xe5e\xed\x1c\xbce!\x91\x82\x80ZZXxN\x97\xb5\x15\xee\x02b\xb5Z\x1a\xf0\x90\xc8\xe0]\xd5\xbc\xe8\xb7\'g\x1ab\x1cO\xe4d\x9ea\x0f\\\xf3\x0c\x81\xa1\xb9\xfai\x84\xfc\x02\xd6\xbd\xd5\xa9\xa4\'\xcbk\x87\x84\t\xdcZ\xb7\xfa\xae\x8a\'\xd5\xc7\xd3\x1e\x0eN\x02,@OD\xed\xe4\xd7\x05\xfb\t\xcc\x82"\xb7|e\xafV\xd7\xa7gYn\xe7\xb8\x8e\xe4P\xf2C\x8e\xe8\xa2\xe5\xb9\x00\xca6\xa9\x16&amp;\xb1WM\xa4Y\x9f\xe90c\x05{\xe3R\x0e\x15\x93 \x03\x85\xa4 \xc8\xb9\x03\n\x12u\xec\x87L\x0b\xd3\x0c\xc0\x12\xd6r4\xfde\x87\xba\xf2\xd20eq\xb8\x8e3\x93\x87\x85\xeb\x99\x8c\x87\x10S\xf7q\x0fNAKr\x00\xc8Wg\x10\x8a\x15&lt;\xcb\xc2X\xce\xb4\x02u\xea\x8fj3\x1e\xed\x05BQjI\x992k\xd0\xb3\xd0\x12"A\xcfH\xbb\xad\x8d\xad^\xdeo\x98\xbe\x87\x83b\xf6M\x867\xab\xd4\x80N\x01%$\xf6\x19\x858\xeb\x90\xf3\xef\x00/\x11:\xb6\xafk\xdd\x83c\x0c\xc2\xb52\xbe5_\x89\x91|\xa6\xe7\xf7wG\x05\xe7\xed\xaaKU\xa5\x03\x99U\xb4\x885F\xef\xd1Z\xad\x02\x90\xba\xcdJ\xa4\x85\xc9\xe2hV+\xa3(E\x9e\x9a\xd5N\xe3B\x8a(\xe0\x1f\xa6z\x0f\xa1\xd2\x8b\x1f\xbe\xf9\x8e\x92@\xdf\xbda\xe8@\x06sq@\x9bC\x88\xb3(\xd9,\xdd\xad\x87\xaa\xf3\xe6D\xda\x8b\xe0\xc5u\xef;y\xea\x82\xc9\xd0\x08&lt;\x97\xc2\x0f1\xf9\x8cl0*\\\xce\x0b\xd7G\xa0\xc7\xd5\xb2\x04\xcd\xe0\xefc\xe7\x0b)\xc5w%\xc7\xce\xfb\xb8\x9e{\x88\xfa:\xe7\xb9A\xeb\xb0\xbc`\x93b\xcfI\r\xa3\x8e{\xa4N;\xf2\xda`\x1d\xdb\x85\x1c\x05.\x02\x8f\xa9m\x1cIh\x00\x80\x17\x88\'\xa1\x88\x05\x9e\x0b\xd7\'$\x02\x8a\x87\xf2G\t\xec,2\xa4\xb8\x11\x9ey\xa3 `\xcaq\xe0\xbc\x10\xb8\x15\xad\xc2\x18K:\xa5\xda+-V\x94\x89\xde\xdd\xf8\x16v\xfb\xf8\x1f(U\xb2\xbc\xee_A\\d\x8d\x93\xc9r_\xbc\xeaib\xb8-n\x97?[\x9d.\x0c\xafX\xa2M\xb6\xc2\x9dv\x98\x9cN\x1b\x83i`\xe9\xd8\x8e=B\x17(\x86\xea\xcd\xed\xb0\xfa\x075\x9d9,t\xd0\xe2&gt;\x04^cVe\xf6\xbc&lt;\x0c\xea\x95f\xe8\xd8l^\x87%\x99;\x98\xf0\xad\xce8\x8fW\xb9\x0bt\xd5R.\x0e\xa0\x80\xe7:\x07h8_:\xaa%\xe79\xe7\xc6\xee\xe5\xf0\xb1"\xd5/L\xf1\xe4\xfaLbMeY:-%\xe6c;\xb5w\r\xa20\xd7/\x11\x08\xa19\x98V\x91s\xf6e\xea!\xd7\xa9\x0b\x0e-r;\x888M2p\xdd\xdc\xae\xacH\xe4\xaa\x99U`rc\xbb\xe0\xb4\x8b+mnb\rt\xafJ\x06\x93\xd9\x12\xd5\x16\x9f[\x00\xb6Jc\xca\xf1\x0cW\xe9alC\x84\x0b\xb2l\xe2\xd5\x90V&lt;\xb3\xcdJeH(\xb5\xca\xe6\xea\xca\x1eA\xce7\x8dlf`W\n\xecR\xf5\xado[\xf22\x0e\xd2\x85\x18\xf3\xfb\xd7\xa6=\xda\x8d\x9b\xbeCl\xac\x99\x8c\xe4XGQ\xd5\xda5P|\xbfU\xa8\xfd\xba\xe5\xbf"Hw;\x97\xa54\x1c\xb9}dt\xb3\x84\x83\x07\xe5\xf6\x01Y\xe4\xf5\xf0\xab\xde \xcb+-\r\xd1\xe9\xbe\xa3\x06Q-@\x84\xc0\xd0pf\xdep\xeb\x80T\xe3ai\x88\xb35\xfd\x9e\xe0\xfbIx\xae\xbbE\xd7\x86\xefc\xc3]\xcap\x1bN\xa8\r\xefS&lt;\xab\x13\xe9@sKB\x00\x0cAD\xa4PGN\x15\xb8\xa0\xbax\x1cW\x89`\x0c\x05\x86\xb6\x082T\xc0\x89Q\x8a\x15\xe4Wx\x0f\xa5N\xce\x06\x03\xd0T\xb4d\xc5\x84i\xd1\xac8z\x17\xa7\x8d\xf5\xa7\x86\xd4I^W@\')i\xf1X\x89\x0b\xb3\rQ\xddu\xcd\x934\xf2\xdcK\x0c,\x17\xd5\nI=Q\xa6\xa4p\xfa\xb2\\\x1d;h*4\xaa`xQN*ja-\x97\xb1\xd5\xefQ\xf0\xb3\xd6a\xd2\x12\x04\xbbL&amp;d\xff\x00\xa1"\xcd\x99g\x84\xe4\xf9\xb4i4*\x1d\x82\xea\xdb*\xaa\xb7{5f\x95\xde\xdf\xb7\xacE\xea\xe6,\xb4\xeaH\xee\xe4\xcel \xbc\xf6\xa8\x89\xfc\xce\xbar\xb3\xddc6\xca6#\xbd6!|\xe8((8\xae\x86\xddb2\x1b\x7f8E\xb9\x0f.\x0f+Al(\xbc\xc0\xed\xec\xd5\xb4\x8c\xad\x13\xdf\xda\x18\xcb\xa7\x9e\xaa\xb7\x8b\xa3\x96M\x95M\xc7\xd2l\xd3W9\x94\x8f\'\x12t\xd8c)i$7\xac\x1c\x0e\xfc\xa5\\\xd3\xaf\xad\xd9\x84J+h\x12\x15S\xb43_\xd6\x87\x91\xdeH"\xd1\xc5I\xe2h\xb4\xb8ZDu\xa8\x174\xb3i\x1b\\5\x801\xfc\x1a\xb9\xdfp5%\xdb\xa8\xba\xce\xd7t\x18\xee##\x00\xf8\xbb\x96W/I\x98V\xcda \xa0\xdc\x1aQ\x15e,\xc5\xab\xa9\xe4V\x89/Z\xf9\xab\xca\x17\xb8\xde\x19h7UYO@~\x96\xd5"C\x9bt#\x90C\xc4\xd1b\x00\xfa\xb1\x91gJ\x06\x9eX7\x05\xb4\x90\xae6\xb7q5\xdf\x9a\xd5\xa7\xdfRzi\x90m&gt;\xcebz\xee\xb29X\xcf\x8a.N\x82\xf4\xfe{Z\xbe\xe9Vo3z\xff\x009)\x8f*8I\x9c00t\x99\xbc\xdd\xcb\x80.\xe0A\xc7\xd0\rr\xae.&gt;\n\xd37s)\x89&lt;\xf6\xed\xdc\xadL\xc9D\xa4$C\x97\xa2\xca}\x15\xdfM\xb5\x97;\x17Uy\xde\x823U\x94a\xebF\xd6\x18:^\t\xe2CB\x93\\\xecw#\x0e4&lt;&amp;\xc3d\xcc\x88\xf8\xce5\xb1(\xc8\xd6\xa2\x0cED\x81\xf1r\xcb\xabD&amp;w\x10\xbc\x94\xd1t\xb6\xa3-z\xc9\x90\xc6\x11\n\xaa\xcd\xfc\xd9\xaa\xba\x96\xa3\xd1in\xcc\x00\xcb\xb5%M^\xdb\xfbC$\x93\xd0u\xd29\x8b2B\xb3\x86&gt;\xe4g\x19Kt\xe6+\xa0s&lt;=F\x8d\xb8\x11 \xd5\xa7\xabz\x8a\x11\x15_\xcdTt\xeeV\x8c\xc7T\xb0\xc5}+{l\x10\xa4X\xd6D\xc3\x12\xfd\x0f~w48\x8a\x17\x0b\xf5\xb3\xdfG"qy\xd6wH\x18H\xbc\xdf;\xab\xdc\x19\xcd\x84\x97/A\xed\x87k,b\x19\t\xa1\x9c+\xc6\xc2\xd1\r\x98n\xf2?M\x90*\xdcW\x80\x0b\'Ap\xa0l\xc37\xb3\xccMz\xf9\xfb\x9c=\xaba\x1b8\xfaN\x91\xd0-\xce|\xe6Zj\xb7#o2r\x9bT\x9b\x1b\x8a\xf2\x1fCx\x0c \xd7$\xd7\x13\xf4\xf6!h\x07!,)\x959\x0e\xca5\xf32!\x15\x00\xcb\xa6X\xfcZ\xda^\xae\n\xccG\xd4q3\x9c{8\x94\xe6;Ud\xca\x9c\xad\xb6!G\t\x05^&amp;\r\xd5\xe2\x89V\x96\x1b?\xcd\xd2\x90(\r\x86B\xcc\xc3\xaae\x86\x19{-y\x91\xa3\xb3\xf5D\x07\xa6q\x04S\x18\x8b\x87\x83\xa7\xa7\x9dK\x7f:\xbe\x15]p\x9dT\xad\xd6\x9e\xc0\x93&amp;\x85s\x85z\xcf\x8e\xfa\xd0\xca\xcfB\xfb\x94Z\x1e\xd1\xbf$\x9c;Y\tW\xb5s\xbc\xf1\xf2\xd0\xe4\xf4\xc4/\xea\xaa\x9b\xd5\xe2\xd0\x91\xb5\x16\xd4\xb1#,M\x80\xe1\xf3\x1a\xe7\x11\x98\xe2\xcb1\xc4Z\xed4\xcd4\xe0^&amp;sa\xc1\x9a\xebf\xdb\xd9z]z\xae\x07\xcfi\x88\xb5\x07\x92Y\x9d\xe2\'\xdf\xc9\xca.k\xc9\xae\xc9\xba\xd2ML\xa1\xeb\xd9\x8eU'... (set the log level to DEBUG or TRACE to see the full content) 
 </msg>
<msg timestamp="20200728 14:52:08.176" level="INFO">POST Response : url=http://ninjachef-api-qaninja-io.umbler.net/products 
 status=200, reason=OK 
 body={"_id":"5f20639542f1f60016038e3e","user":"5f1744fc42f1f60016038846","thumbnail":"thumbnail-1595958165460","name":"Carne de Jaca Louca","plate":"Tipo","price":20,"__v":0,"thumbnail_url":"http://ninjachef-api-qaninja-io.umbler.net/files/thumbnail-1595958165460","id":"5f20639542f1f60016038e3e"} 
 </msg>
<msg timestamp="20200728 14:52:08.176" level="INFO">${resp} = &lt;Response [200]&gt;</msg>
<status status="PASS" starttime="20200728 14:52:07.631" endtime="20200728 14:52:08.177"></status>
</kw>
<kw name="Status Should Be" library="RequestsLibrary">
<doc>Fails if response status code is different than the expected.</doc>
<arguments>
<arg>200</arg>
<arg>${resp}</arg>
</arguments>
<status status="PASS" starttime="20200728 14:52:08.177" endtime="20200728 14:52:08.177"></status>
</kw>
<kw name="Convert To String" library="BuiltIn">
<doc>Converts the given item to a Unicode string.</doc>
<arguments>
<arg>${resp.json()['_id']}</arg>
</arguments>
<assign>
<var>${produto_id}</var>
</assign>
<msg timestamp="20200728 14:52:08.178" level="INFO">${produto_id} = 5f20639542f1f60016038e3e</msg>
<status status="PASS" starttime="20200728 14:52:08.178" endtime="20200728 14:52:08.178"></status>
</kw>
<kw name="Set Test Variable" library="BuiltIn">
<doc>Makes a variable available everywhere within the scope of the current test.</doc>
<arguments>
<arg>${produto_id}</arg>
</arguments>
<msg timestamp="20200728 14:52:08.179" level="INFO">${produto_id} = 5f20639542f1f60016038e3e</msg>
<status status="PASS" starttime="20200728 14:52:08.179" endtime="20200728 14:52:08.179"></status>
</kw>
<kw name="Go To" library="SeleniumLibrary">
<doc>Navigates the current browser window to the provided ``url``.</doc>
<arguments>
<arg>${base_url}</arg>
</arguments>
<msg timestamp="20200728 14:52:08.180" level="INFO">Opening url 'http://ninjachef-qaninja-io.umbler.net/'</msg>
<status status="PASS" starttime="20200728 14:52:08.179" endtime="20200728 14:52:14.854"></status>
</kw>
<kw name="Input Text" library="SeleniumLibrary">
<doc>Types the given ``text`` into the text field identified by ``locator``.</doc>
<arguments>
<arg>${CAMPO_EMAIL}</arg>
<arg>${email_cozinheiro}</arg>
</arguments>
<msg timestamp="20200728 14:52:14.856" level="INFO">Typing text 'eduguedes@gmail.com' into text field 'id:email'.</msg>
<status status="PASS" starttime="20200728 14:52:14.855" endtime="20200728 14:52:15.087"></status>
</kw>
<kw name="Click Element" library="SeleniumLibrary">
<doc>Click the element identified by ``locator``.</doc>
<arguments>
<arg>${BOTAO_ENTRAR}</arg>
</arguments>
<msg timestamp="20200728 14:52:15.087" level="INFO">Clicking element 'css:button[type=submit]'.</msg>
<status status="PASS" starttime="20200728 14:52:15.087" endtime="20200728 14:52:15.152"></status>
</kw>
<kw name="Wait Until Page Contains Element" library="SeleniumLibrary">
<doc>Waits until the element ``locator`` appears on the current page.</doc>
<arguments>
<arg>${DIV_DASH}</arg>
</arguments>
<status status="PASS" starttime="20200728 14:52:15.152" endtime="20200728 14:52:16.229"></status>
</kw>
<status status="PASS" starttime="20200728 14:52:07.493" endtime="20200728 14:52:16.229"></status>
</kw>
<kw name="Quando o cliente solicita o preparo desse prato" library="kws">
<kw name="Create Dictionary" library="BuiltIn">
<doc>Creates and returns a dictionary based on the given ``items``.</doc>
<arguments>
<arg>Content-Type=application/json</arg>
<arg>user_id=${token_cliente}</arg>
</arguments>
<assign>
<var>&amp;{headers}</var>
</assign>
<msg timestamp="20200728 14:52:16.231" level="INFO">&amp;{headers} = { Content-Type=application/json | user_id=5f1744fc42f1f60016038847 }</msg>
<status status="PASS" starttime="20200728 14:52:16.231" endtime="20200728 14:52:16.231"></status>
</kw>
<kw name="Create Dictionary" library="BuiltIn">
<doc>Creates and returns a dictionary based on the given ``items``.</doc>
<arguments>
<arg>payment=Dinheiro</arg>
</arguments>
<assign>
<var>&amp;{payload}</var>
</assign>
<msg timestamp="20200728 14:52:16.232" level="INFO">&amp;{payload} = { payment=Dinheiro }</msg>
<status status="PASS" starttime="20200728 14:52:16.231" endtime="20200728 14:52:16.232"></status>
</kw>
<kw name="Create Session" library="RequestsLibrary">
<doc>Create Session: create a HTTP session to a server</doc>
<arguments>
<arg>api</arg>
<arg>${api_url}</arg>
</arguments>
<msg timestamp="20200728 14:52:16.232" level="INFO">Creating Session using : alias=api, url=http://ninjachef-api-qaninja-io.umbler.net, headers={},                     cookies={}, auth=None, timeout=None, proxies=None, verify=False,                     debug=0 </msg>
<status status="PASS" starttime="20200728 14:52:16.232" endtime="20200728 14:52:16.233"></status>
</kw>
<kw name="Post Request" library="RequestsLibrary">
<doc>Send a POST request on the session object found using the
given `alias`</doc>
<arguments>
<arg>api</arg>
<arg>/products/${produto_id}/orders</arg>
<arg>data=${payload}</arg>
<arg>headers=${headers}</arg>
</arguments>
<assign>
<var>${resp}</var>
</assign>
<msg timestamp="20200728 14:52:16.651" level="INFO">POST Request : url=http://ninjachef-api-qaninja-io.umbler.net/products/5f20639542f1f60016038e3e/orders 
 path_url=/products/5f20639542f1f60016038e3e/orders 
 headers={'User-Agent': 'python-requests/2.23.0', 'Accept-Encoding': 'gzip, deflate', 'Accept': '*/*', 'Connection': 'keep-alive', 'Content-Type': 'application/json', 'user_id': '5f1744fc42f1f60016038847', 'Content-Length': '23'} 
 body={"payment": "Dinheiro"} 
 </msg>
<msg timestamp="20200728 14:52:16.651" level="INFO">POST Response : url=http://ninjachef-api-qaninja-io.umbler.net/products/5f20639542f1f60016038e3e/orders 
 status=200, reason=OK 
 body={"_id":"5f20639e42f1f60016038e3f","user":{"_id":"5f1744fc42f1f60016038847","email":"fernando@bol.com.br","__v":0},"product":{"_id":"5f20639542f1f60016038e3e","user":"5f1744fc42f1f60016038846","thumbnail":"thumbnail-1595958165460","name":"Carne de Jaca Louca","plate":"Tipo","price":20,"__v":0,"thumbnail_url":"http://ninjachef-api-qaninja-io.umbler.net/files/thumbnail-1595958165460","id":"5f20639542f1f60016038e3e"},"payment":"Dinheiro","__v":0} 
 </msg>
<msg timestamp="20200728 14:52:16.652" level="INFO">${resp} = &lt;Response [200]&gt;</msg>
<status status="PASS" starttime="20200728 14:52:16.233" endtime="20200728 14:52:16.652"></status>
</kw>
<kw name="Status Should Be" library="RequestsLibrary">
<doc>Fails if response status code is different than the expected.</doc>
<arguments>
<arg>200</arg>
<arg>${resp}</arg>
</arguments>
<status status="PASS" starttime="20200728 14:52:16.652" endtime="20200728 14:52:16.653"></status>
</kw>
<status status="PASS" starttime="20200728 14:52:16.230" endtime="20200728 14:52:16.653"></status>
</kw>
<kw name="Então devo receber uma notificação de pedido desse produtos" library="kws">
<kw name="Convert To String" library="BuiltIn">
<doc>Converts the given item to a Unicode string.</doc>
<arguments>
<arg>${email_cliente} está solicitando o preparo do seguinte prato: ${produto}.</arg>
</arguments>
<assign>
<var>${mensagem_esperada}</var>
</assign>
<msg timestamp="20200728 14:52:16.655" level="INFO">${mensagem_esperada} = fernando@bol.com.br está solicitando o preparo do seguinte prato: Carne de Jaca Louca.</msg>
<status status="PASS" starttime="20200728 14:52:16.655" endtime="20200728 14:52:16.655"></status>
</kw>
<kw name="Wait Until Page Contains" library="SeleniumLibrary">
<doc>Waits until ``text`` appears on the current page.</doc>
<arguments>
<arg>${mensagem_esperada}</arg>
<arg>5</arg>
</arguments>
<status status="PASS" starttime="20200728 14:52:16.656" endtime="20200728 14:52:16.705"></status>
</kw>
<status status="PASS" starttime="20200728 14:52:16.654" endtime="20200728 14:52:16.705"></status>
</kw>
<kw name="E posso aceitar ou rejeitaar esse pedidos" library="kws">
<kw name="Wait Until Page Contains" library="SeleniumLibrary">
<doc>Waits until ``text`` appears on the current page.</doc>
<arguments>
<arg>ACEITAR</arg>
<arg>5</arg>
</arguments>
<status status="PASS" starttime="20200728 14:52:16.706" endtime="20200728 14:52:16.725"></status>
</kw>
<kw name="Wait Until Page Contains" library="SeleniumLibrary">
<doc>Waits until ``text`` appears on the current page.</doc>
<arguments>
<arg>REJEITAR</arg>
<arg>5</arg>
</arguments>
<status status="PASS" starttime="20200728 14:52:16.725" endtime="20200728 14:52:16.738"></status>
</kw>
<status status="PASS" starttime="20200728 14:52:16.705" endtime="20200728 14:52:16.738"></status>
</kw>
<kw name="Close Session" library="base" type="teardown">
<kw name="Capture Page Screenshot" library="SeleniumLibrary">
<doc>Takes a screenshot of the current page and embeds it into a log file.</doc>
<msg timestamp="20200728 14:52:17.047" level="INFO" html="yes">&lt;/td&gt;&lt;/tr&gt;&lt;tr&gt;&lt;td colspan="3"&gt;&lt;a href="selenium-screenshot-17.png"&gt;&lt;img src="selenium-screenshot-17.png" width="800px"&gt;&lt;/a&gt;</msg>
<status status="PASS" starttime="20200728 14:52:16.739" endtime="20200728 14:52:17.048"></status>
</kw>
<kw name="Close Browser" library="SeleniumLibrary">
<doc>Closes the current browser.</doc>
<status status="PASS" starttime="20200728 14:52:17.048" endtime="20200728 14:52:19.332"></status>
</kw>
<status status="PASS" starttime="20200728 14:52:16.739" endtime="20200728 14:52:19.332"></status>
</kw>
<status status="PASS" starttime="20200728 14:52:02.989" endtime="20200728 14:52:19.333" critical="yes"></status>
</test>
<doc>Receber pedidos
Sendo um cozinheiro que possui pratos no dashboard
Quero receber solicitação de preparo dos meus produtos
Para que eu possa envia-los aos meus clientes</doc>
<status status="PASS" starttime="20200728 14:52:02.495" endtime="20200728 14:52:19.334"></status>
</suite>
<statistics>
<total>
<stat pass="1" fail="0">Critical Tests</stat>
<stat pass="1" fail="0">All Tests</stat>
</total>
<tag>
</tag>
<suite>
<stat pass="1" fail="0" id="s1" name="Receber-Pedidos">Receber-Pedidos</stat>
</suite>
</statistics>
<errors>
</errors>
</robot>
